<?xml version="1.0" encoding="UTF-8"?>
<testsuite xmlns:xsi="http://www.w3.org/2001/XMLSchema-instance" xsi:noNamespaceSchemaLocation="https://maven.apache.org/surefire/maven-failsafe-plugin/xsd/failsafe-test-report-3.0.xsd" version="3.0" name="com.epam.brest.dao.DaoRequestJDBCIT" time="1.551" tests="1" errors="0" skipped="0" failures="0">
  <properties>
    <property name="sun.desktop" value="gnome"/>
    <property name="awt.toolkit" value="sun.awt.X11.XToolkit"/>
    <property name="java.specification.version" value="11"/>
    <property name="sun.cpu.isalist" value=""/>
    <property name="sun.jnu.encoding" value="UTF-8"/>
    <property name="java.class.path" value="/home/oleg/dev/university/dao/target/test-classes:/home/oleg/dev/university/dao/target/classes:/home/oleg/dev/university/model/target/model-1.0-SNAPSHOT.jar:/home/oleg/.m2/repository/org/springframework/spring-core/5.3.4/spring-core-5.3.4.jar:/home/oleg/.m2/repository/org/springframework/spring-jcl/5.3.4/spring-jcl-5.3.4.jar:/home/oleg/.m2/repository/org/springframework/spring-beans/5.3.4/spring-beans-5.3.4.jar:/home/oleg/.m2/repository/org/hibernate/validator/hibernate-validator/6.1.3.Final/hibernate-validator-6.1.3.Final.jar:/home/oleg/.m2/repository/jakarta/validation/jakarta.validation-api/2.0.2/jakarta.validation-api-2.0.2.jar:/home/oleg/.m2/repository/org/jboss/logging/jboss-logging/3.3.2.Final/jboss-logging-3.3.2.Final.jar:/home/oleg/.m2/repository/com/fasterxml/classmate/1.3.4/classmate-1.3.4.jar:/home/oleg/dev/university/daoAPI/target/daoAPI-1.0-SNAPSHOT.jar:/home/oleg/.m2/repository/com/epam/brest/model/model/1.0-SNAPSHOT/model-1.0-SNAPSHOT.jar:/home/oleg/dev/university/test-db/target/test-db-1.0-SNAPSHOT.jar:/home/oleg/.m2/repository/com/h2database/h2/1.4.200/h2-1.4.200.jar:/home/oleg/.m2/repository/org/springframework/spring-context/5.3.4/spring-context-5.3.4.jar:/home/oleg/.m2/repository/org/springframework/spring-aop/5.3.4/spring-aop-5.3.4.jar:/home/oleg/.m2/repository/org/springframework/spring-expression/5.3.4/spring-expression-5.3.4.jar:/home/oleg/.m2/repository/org/springframework/spring-jdbc/5.3.4/spring-jdbc-5.3.4.jar:/home/oleg/.m2/repository/org/springframework/spring-tx/5.3.4/spring-tx-5.3.4.jar:/home/oleg/.m2/repository/org/springframework/spring-test/5.3.4/spring-test-5.3.4.jar:/home/oleg/.m2/repository/org/apache/logging/log4j/log4j-api/2.14.1/log4j-api-2.14.1.jar:/home/oleg/.m2/repository/org/apache/logging/log4j/log4j-core/2.14.1/log4j-core-2.14.1.jar:/home/oleg/.m2/repository/org/junit/jupiter/junit-jupiter-engine/5.4.0/junit-jupiter-engine-5.4.0.jar:/home/oleg/.m2/repository/org/apiguardian/apiguardian-api/1.0.0/apiguardian-api-1.0.0.jar:/home/oleg/.m2/repository/org/junit/platform/junit-platform-engine/1.4.0/junit-platform-engine-1.4.0.jar:/home/oleg/.m2/repository/org/opentest4j/opentest4j/1.1.1/opentest4j-1.1.1.jar:/home/oleg/.m2/repository/org/junit/platform/junit-platform-commons/1.4.0/junit-platform-commons-1.4.0.jar:/home/oleg/.m2/repository/org/junit/jupiter/junit-jupiter-api/5.4.0/junit-jupiter-api-5.4.0.jar:/home/oleg/.m2/repository/junit/junit/4.13/junit-4.13.jar:/home/oleg/.m2/repository/org/hamcrest/hamcrest-core/1.3/hamcrest-core-1.3.jar:"/>
    <property name="java.vm.vendor" value="Oracle Corporation"/>
    <property name="sun.arch.data.model" value="64"/>
    <property name="java.vendor.url" value="http://java.oracle.com/"/>
    <property name="user.timezone" value="Europe/Moscow"/>
    <property name="java.vm.specification.version" value="11"/>
    <property name="os.name" value="Linux"/>
    <property name="sun.java.launcher" value="SUN_STANDARD"/>
    <property name="user.country" value="RU"/>
    <property name="sun.boot.library.path" value="/home/oleg/.sdkman/candidates/java/11.0.2-open/lib"/>
    <property name="sun.java.command" value="/home/oleg/dev/university/dao/target/surefire/surefirebooter8725029261827774479.jar /home/oleg/dev/university/dao/target/surefire 2021-11-18T20-06-22_431-jvmRun1 surefire3359211929160821437tmp surefire_013478197761555661609tmp"/>
    <property name="jdk.debug" value="release"/>
    <property name="surefire.test.class.path" value="/home/oleg/dev/university/dao/target/test-classes:/home/oleg/dev/university/dao/target/classes:/home/oleg/dev/university/model/target/model-1.0-SNAPSHOT.jar:/home/oleg/.m2/repository/org/springframework/spring-core/5.3.4/spring-core-5.3.4.jar:/home/oleg/.m2/repository/org/springframework/spring-jcl/5.3.4/spring-jcl-5.3.4.jar:/home/oleg/.m2/repository/org/springframework/spring-beans/5.3.4/spring-beans-5.3.4.jar:/home/oleg/.m2/repository/org/hibernate/validator/hibernate-validator/6.1.3.Final/hibernate-validator-6.1.3.Final.jar:/home/oleg/.m2/repository/jakarta/validation/jakarta.validation-api/2.0.2/jakarta.validation-api-2.0.2.jar:/home/oleg/.m2/repository/org/jboss/logging/jboss-logging/3.3.2.Final/jboss-logging-3.3.2.Final.jar:/home/oleg/.m2/repository/com/fasterxml/classmate/1.3.4/classmate-1.3.4.jar:/home/oleg/dev/university/daoAPI/target/daoAPI-1.0-SNAPSHOT.jar:/home/oleg/.m2/repository/com/epam/brest/model/model/1.0-SNAPSHOT/model-1.0-SNAPSHOT.jar:/home/oleg/dev/university/test-db/target/test-db-1.0-SNAPSHOT.jar:/home/oleg/.m2/repository/com/h2database/h2/1.4.200/h2-1.4.200.jar:/home/oleg/.m2/repository/org/springframework/spring-context/5.3.4/spring-context-5.3.4.jar:/home/oleg/.m2/repository/org/springframework/spring-aop/5.3.4/spring-aop-5.3.4.jar:/home/oleg/.m2/repository/org/springframework/spring-expression/5.3.4/spring-expression-5.3.4.jar:/home/oleg/.m2/repository/org/springframework/spring-jdbc/5.3.4/spring-jdbc-5.3.4.jar:/home/oleg/.m2/repository/org/springframework/spring-tx/5.3.4/spring-tx-5.3.4.jar:/home/oleg/.m2/repository/org/springframework/spring-test/5.3.4/spring-test-5.3.4.jar:/home/oleg/.m2/repository/org/apache/logging/log4j/log4j-api/2.14.1/log4j-api-2.14.1.jar:/home/oleg/.m2/repository/org/apache/logging/log4j/log4j-core/2.14.1/log4j-core-2.14.1.jar:/home/oleg/.m2/repository/org/junit/jupiter/junit-jupiter-engine/5.4.0/junit-jupiter-engine-5.4.0.jar:/home/oleg/.m2/repository/org/apiguardian/apiguardian-api/1.0.0/apiguardian-api-1.0.0.jar:/home/oleg/.m2/repository/org/junit/platform/junit-platform-engine/1.4.0/junit-platform-engine-1.4.0.jar:/home/oleg/.m2/repository/org/opentest4j/opentest4j/1.1.1/opentest4j-1.1.1.jar:/home/oleg/.m2/repository/org/junit/platform/junit-platform-commons/1.4.0/junit-platform-commons-1.4.0.jar:/home/oleg/.m2/repository/org/junit/jupiter/junit-jupiter-api/5.4.0/junit-jupiter-api-5.4.0.jar:/home/oleg/.m2/repository/junit/junit/4.13/junit-4.13.jar:/home/oleg/.m2/repository/org/hamcrest/hamcrest-core/1.3/hamcrest-core-1.3.jar:"/>
    <property name="sun.cpu.endian" value="little"/>
    <property name="user.home" value="/home/oleg"/>
    <property name="user.language" value="ru"/>
    <property name="java.specification.vendor" value="Oracle Corporation"/>
    <property name="java.version.date" value="2019-01-15"/>
    <property name="java.home" value="/home/oleg/.sdkman/candidates/java/11.0.2-open"/>
    <property name="file.separator" value="/"/>
    <property name="basedir" value="/home/oleg/dev/university/dao"/>
    <property name="java.vm.compressedOopsMode" value="32-bit"/>
    <property name="line.separator" value="&#10;"/>
    <property name="java.specification.name" value="Java Platform API Specification"/>
    <property name="java.vm.specification.vendor" value="Oracle Corporation"/>
    <property name="java.awt.graphicsenv" value="sun.awt.X11GraphicsEnvironment"/>
    <property name="surefire.real.class.path" value="/home/oleg/dev/university/dao/target/surefire/surefirebooter8725029261827774479.jar"/>
    <property name="sun.management.compiler" value="HotSpot 64-Bit Tiered Compilers"/>
    <property name="java.runtime.version" value="11.0.2+9"/>
    <property name="user.name" value="oleg"/>
    <property name="path.separator" value=":"/>
    <property name="os.version" value="5.4.0-90-generic"/>
    <property name="java.runtime.name" value="OpenJDK Runtime Environment"/>
    <property name="file.encoding" value="UTF-8"/>
    <property name="java.vm.name" value="OpenJDK 64-Bit Server VM"/>
    <property name="java.vendor.version" value="18.9"/>
    <property name="localRepository" value="/home/oleg/.m2/repository"/>
    <property name="java.vendor.url.bug" value="http://bugreport.java.com/bugreport/"/>
    <property name="java.io.tmpdir" value="/tmp"/>
    <property name="java.version" value="11.0.2"/>
    <property name="user.dir" value="/home/oleg/dev/university/dao"/>
    <property name="os.arch" value="amd64"/>
    <property name="java.vm.specification.name" value="Java Virtual Machine Specification"/>
    <property name="java.awt.printerjob" value="sun.print.PSPrinterJob"/>
    <property name="sun.os.patch.level" value="unknown"/>
    <property name="java.library.path" value="/usr/java/packages/lib:/usr/lib64:/lib64:/lib:/usr/lib"/>
    <property name="java.vendor" value="Oracle Corporation"/>
    <property name="java.vm.info" value="mixed mode"/>
    <property name="java.vm.version" value="11.0.2+9"/>
    <property name="sun.io.unicode.encoding" value="UnicodeLittle"/>
    <property name="java.class.version" value="55.0"/>
  </properties>
  <testcase name="findAll" classname="com.epam.brest.dao.DaoRequestJDBCIT" time="0.178">
    <system-out><![CDATA[2021-11-18 20:06:26,269 main DEBUG Apache Log4j Core 2.14.1 initializing configuration org.apache.logging.log4j.core.config.properties.PropertiesConfiguration@5ddcc487
2021-11-18 20:06:26,273 main DEBUG Installed 1 script engine
2021-11-18 20:06:26,522 main DEBUG Oracle Nashorn version: 11.0.2, language: ECMAScript, threading: Not Thread Safe, compile: true, names: [nashorn, Nashorn, js, JS, JavaScript, javascript, ECMAScript, ecmascript], factory class: jdk.nashorn.api.scripting.NashornScriptEngineFactory
2021-11-18 20:06:26,522 main DEBUG PluginManager 'Core' found 122 plugins
2021-11-18 20:06:26,523 main DEBUG PluginManager 'Level' found 0 plugins
2021-11-18 20:06:26,525 main DEBUG PluginManager 'Lookup' found 16 plugins
2021-11-18 20:06:26,527 main DEBUG Building Plugin[name=AppenderRef, class=org.apache.logging.log4j.core.config.AppenderRef].
2021-11-18 20:06:26,536 main DEBUG PluginManager 'TypeConverter' found 26 plugins
2021-11-18 20:06:26,544 main DEBUG createAppenderRef(ref="STDOUT", level="null", Filter=null)
2021-11-18 20:06:26,544 main DEBUG Building Plugin[name=root, class=org.apache.logging.log4j.core.config.LoggerConfig$RootLogger].
2021-11-18 20:06:26,547 main DEBUG createLogger(additivity="null", level="DEBUG", includeLocation="null", ={STDOUT}, ={}, Configuration(PropertiesConfig), Filter=null)
2021-11-18 20:06:26,549 main DEBUG Building Plugin[name=loggers, class=org.apache.logging.log4j.core.config.LoggersPlugin].
2021-11-18 20:06:26,550 main DEBUG createLoggers(={root})
2021-11-18 20:06:26,550 main DEBUG Building Plugin[name=layout, class=org.apache.logging.log4j.core.layout.PatternLayout].
2021-11-18 20:06:26,555 main DEBUG PatternLayout$Builder(pattern="%d{HH:mm:ss} %-5p %-20.20C{1} %m%n", PatternSelector=null, Configuration(PropertiesConfig), Replace=null, charset="null", alwaysWriteExceptions="null", disableAnsi="null", noConsoleNoAnsi="null", header="null", footer="null")
2021-11-18 20:06:26,556 main DEBUG PluginManager 'Converter' found 44 plugins
2021-11-18 20:06:26,583 main DEBUG Building Plugin[name=appender, class=org.apache.logging.log4j.core.appender.ConsoleAppender].
2021-11-18 20:06:26,589 main DEBUG ConsoleAppender$Builder(target="null", follow="null", direct="null", bufferedIo="null", bufferSize="null", immediateFlush="null", ignoreExceptions="null", PatternLayout(%d{HH:mm:ss} %-5p %-20.20C{1} %m%n), name="STDOUT", Configuration(PropertiesConfig), Filter=null, ={})
2021-11-18 20:06:26,591 main DEBUG Starting OutputStreamManager SYSTEM_OUT.false.false
2021-11-18 20:06:26,592 main DEBUG Building Plugin[name=appenders, class=org.apache.logging.log4j.core.config.AppendersPlugin].
2021-11-18 20:06:26,593 main DEBUG createAppenders(={STDOUT})
2021-11-18 20:06:26,593 main DEBUG Configuration org.apache.logging.log4j.core.config.properties.PropertiesConfiguration@5ddcc487 initialized
2021-11-18 20:06:26,594 main DEBUG Starting configuration org.apache.logging.log4j.core.config.properties.PropertiesConfiguration@5ddcc487
2021-11-18 20:06:26,594 main DEBUG Started configuration org.apache.logging.log4j.core.config.properties.PropertiesConfiguration@5ddcc487 OK.
2021-11-18 20:06:26,595 main DEBUG Shutting down OutputStreamManager SYSTEM_OUT.false.false-1
2021-11-18 20:06:26,596 main DEBUG OutputStream closed
2021-11-18 20:06:26,596 main DEBUG Shut down OutputStreamManager SYSTEM_OUT.false.false-1, all resources released: true
2021-11-18 20:06:26,596 main DEBUG Appender DefaultConsole-1 stopped with status true
2021-11-18 20:06:26,597 main DEBUG Stopped org.apache.logging.log4j.core.config.DefaultConfiguration@2cb4893b OK
2021-11-18 20:06:26,651 main DEBUG Registering MBean org.apache.logging.log4j2:type=799f7e29
2021-11-18 20:06:26,654 main DEBUG Registering MBean org.apache.logging.log4j2:type=799f7e29,component=StatusLogger
2021-11-18 20:06:26,655 main DEBUG Registering MBean org.apache.logging.log4j2:type=799f7e29,component=ContextSelector
2021-11-18 20:06:26,657 main DEBUG Registering MBean org.apache.logging.log4j2:type=799f7e29,component=Loggers,name=
2021-11-18 20:06:26,658 main DEBUG Registering MBean org.apache.logging.log4j2:type=799f7e29,component=Appenders,name=STDOUT
2021-11-18 20:06:26,660 main DEBUG org.apache.logging.log4j.core.util.SystemClock supports precise timestamps.
2021-11-18 20:06:26,661 main DEBUG Reconfiguration complete for context[name=799f7e29] at URI /home/oleg/dev/university/dao/target/test-classes/log4j2-test.properties (org.apache.logging.log4j.core.LoggerContext@28276e50) with optional ClassLoader: null
2021-11-18 20:06:26,661 main DEBUG Shutdown hook enabled. Registering a new one.
2021-11-18 20:06:26,662 main DEBUG LoggerContext[name=799f7e29, org.apache.logging.log4j.core.LoggerContext@28276e50] started OK.
20:06:26 DEBUG BootstrapUtils       Instantiating CacheAwareContextLoaderDelegate from class [org.springframework.test.context.cache.DefaultCacheAwareContextLoaderDelegate]
20:06:26 DEBUG BootstrapUtils       Instantiating BootstrapContext using constructor [public org.springframework.test.context.support.DefaultBootstrapContext(java.lang.Class,org.springframework.test.context.CacheAwareContextLoaderDelegate)]
20:06:26 DEBUG BootstrapUtils       Instantiating TestContextBootstrapper for test class [com.epam.brest.dao.DaoRequestJDBCIT] from class [org.springframework.test.context.support.DefaultTestContextBootstrapper]
20:06:26 DEBUG ngSmartContextLoader Delegating to GenericXmlContextLoader to process context configuration [ContextConfigurationAttributes@538613b3 declaringClass = 'com.epam.brest.dao.DaoRequestJDBCIT', classes = '{}', locations = '{classpath*:test-db.xml, classpath*:test-jdbc-conf.xml}', inheritLocations = true, initializers = '{}', inheritInitializers = true, name = [null], contextLoaderClass = 'org.springframework.test.context.ContextLoader'].
20:06:26 DEBUG ActiveProfilesUtils  Could not find an 'annotation declaring class' for annotation type [org.springframework.test.context.ActiveProfiles] and class [com.epam.brest.dao.DaoRequestJDBCIT]
20:06:26 DEBUG tContextBootstrapper @TestExecutionListeners is not present for class [com.epam.brest.dao.DaoRequestJDBCIT]: using defaults.
20:06:26 INFO  tContextBootstrapper Loaded default TestExecutionListener class names from location [META-INF/spring.factories]: [org.springframework.test.context.web.ServletTestExecutionListener, org.springframework.test.context.support.DirtiesContextBeforeModesTestExecutionListener, org.springframework.test.context.event.ApplicationEventsTestExecutionListener, org.springframework.test.context.support.DependencyInjectionTestExecutionListener, org.springframework.test.context.support.DirtiesContextTestExecutionListener, org.springframework.test.context.transaction.TransactionalTestExecutionListener, org.springframework.test.context.jdbc.SqlScriptsTestExecutionListener, org.springframework.test.context.event.EventPublishingTestExecutionListener]
20:06:26 DEBUG tContextBootstrapper Skipping candidate TestExecutionListener [org.springframework.test.context.web.ServletTestExecutionListener] due to a missing dependency. Specify custom listener classes or make the default listener classes and their required dependencies available. Offending class: [javax/servlet/ServletContext]
20:06:26 INFO  tContextBootstrapper Using TestExecutionListeners: [org.springframework.test.context.support.DirtiesContextBeforeModesTestExecutionListener@2555fff0, org.springframework.test.context.event.ApplicationEventsTestExecutionListener@70d2e40b, org.springframework.test.context.support.DependencyInjectionTestExecutionListener@120f38e6, org.springframework.test.context.support.DirtiesContextTestExecutionListener@7a0e1b5e, org.springframework.test.context.transaction.TransactionalTestExecutionListener@702ed190, org.springframework.test.context.jdbc.SqlScriptsTestExecutionListener@173b9122, org.springframework.test.context.event.EventPublishingTestExecutionListener@7c18432b]
20:06:26 DEBUG estExecutionListener Before test class: context [DefaultTestContext@2449cff7 testClass = DaoRequestJDBCIT, testInstance = [null], testMethod = [null], testException = [null], mergedContextConfiguration = [MergedContextConfiguration@42a9a63e testClass = DaoRequestJDBCIT, locations = '{classpath*:test-db.xml, classpath*:test-jdbc-conf.xml}', classes = '{}', contextInitializerClasses = '[]', activeProfiles = '{}', propertySourceLocations = '{}', propertySourceProperties = '{}', contextCustomizers = set[[empty]], contextLoader = 'org.springframework.test.context.support.DelegatingSmartContextLoader', parent = [null]], attributes = map[[empty]]], class annotated with @DirtiesContext [false] with mode [null].
20:06:26 DEBUG ngSmartContextLoader Delegating to GenericXmlContextLoader to load context from [MergedContextConfiguration@42a9a63e testClass = DaoRequestJDBCIT, locations = '{classpath*:test-db.xml, classpath*:test-jdbc-conf.xml}', classes = '{}', contextInitializerClasses = '[]', activeProfiles = '{}', propertySourceLocations = '{}', propertySourceProperties = '{}', contextCustomizers = set[[empty]], contextLoader = 'org.springframework.test.context.support.DelegatingSmartContextLoader', parent = [null]].
20:06:26 DEBUG GenericContextLoader Loading ApplicationContext for merged context configuration [[MergedContextConfiguration@42a9a63e testClass = DaoRequestJDBCIT, locations = '{classpath*:test-db.xml, classpath*:test-jdbc-conf.xml}', classes = '{}', contextInitializerClasses = '[]', activeProfiles = '{}', propertySourceLocations = '{}', propertySourceProperties = '{}', contextCustomizers = set[[empty]], contextLoader = 'org.springframework.test.context.support.DelegatingSmartContextLoader', parent = [null]]].
20:06:26 DEBUG AbstractEnvironment  Activating profiles []
20:06:26 DEBUG BeanDefinitionReader Loaded 3 bean definitions from URL [jar:file:/home/oleg/dev/university/test-db/target/test-db-1.0-SNAPSHOT.jar!/test-db.xml]
20:06:26 DEBUG BeanDefinitionReader Loaded 2 bean definitions from URL [file:/home/oleg/dev/university/dao/target/test-classes/test-jdbc-conf.xml]
20:06:26 DEBUG ctApplicationContext Refreshing org.springframework.context.support.GenericApplicationContext@2d35442b
20:06:26 DEBUG ingletonBeanRegistry Creating shared instance of singleton bean 'org.springframework.context.annotation.internalConfigurationAnnotationProcessor'
20:06:27 DEBUG ingletonBeanRegistry Creating shared instance of singleton bean 'org.springframework.context.event.internalEventListenerProcessor'
20:06:27 DEBUG ingletonBeanRegistry Creating shared instance of singleton bean 'org.springframework.context.event.internalEventListenerFactory'
20:06:27 DEBUG ingletonBeanRegistry Creating shared instance of singleton bean 'org.springframework.context.annotation.internalAutowiredAnnotationProcessor'
20:06:27 DEBUG ingletonBeanRegistry Creating shared instance of singleton bean 'dataSource'
20:06:27 DEBUG verManagerDataSource Loaded JDBC driver: org.h2.Driver
20:06:27 DEBUG ingletonBeanRegistry Creating shared instance of singleton bean 'transactionManager'
20:06:27 DEBUG ingletonBeanRegistry Creating shared instance of singleton bean 'org.springframework.jdbc.datasource.init.DataSourceInitializer#0'
20:06:27 DEBUG DataSourceUtils      Fetching JDBC Connection from DataSource
20:06:27 DEBUG verManagerDataSource Creating new JDBC DriverManager Connection to [jdbc:h2:mem:test-db;MODE=MySQL;DB_CLOSE_DELAY=-1]
20:06:27 DEBUG ScriptUtils          Executing SQL script from URL [jar:file:/home/oleg/dev/university/test-db/target/test-db-1.0-SNAPSHOT.jar!/create-db.sql]
20:06:27 DEBUG ScriptUtils          0 returned as update count for SQL: DROP TABLE IF EXISTS user
20:06:27 DEBUG ScriptUtils          0 returned as update count for SQL: DROP TABLE IF EXISTS request
20:06:27 DEBUG ScriptUtils          0 returned as update count for SQL: CREATE TABLE user ( id int NOT NULL auto_increment, name varchar(50) NOT NULL , login varchar(50) NOT NULL, password varchar(50) NOT NULL, email varchar(50) NOT NULL , CONSTRAINT user_pk PRIMARY KEY (id) )
20:06:27 DEBUG ScriptUtils          0 returned as update count for SQL: CREATE TABLE request ( idR int PRIMARY KEY auto_increment, id int NOT NULL, groupe varchar(50) NOT NULL , pairs varchar(50) NOT NULL, subject varchar(50) NOT NULL, FOREIGN KEY (id) REFERENCES user (id) ON DELETE CASCADE )
20:06:27 DEBUG ScriptUtils          Executed SQL script from URL [jar:file:/home/oleg/dev/university/test-db/target/test-db-1.0-SNAPSHOT.jar!/create-db.sql] in 29 ms.
20:06:27 DEBUG ScriptUtils          Executing SQL script from URL [jar:file:/home/oleg/dev/university/test-db/target/test-db-1.0-SNAPSHOT.jar!/init-db.sql]
20:06:27 DEBUG ScriptUtils          1 returned as update count for SQL: INSERT INTO USER (name,login,password,email) VALUES ('Mike','mike','1111','a@mail.ru')
20:06:27 DEBUG ScriptUtils          1 returned as update count for SQL: INSERT INTO USER (name,login,password,email) VALUES ('Tom','tom','1111','a@mail.ru')
20:06:27 DEBUG ScriptUtils          1 returned as update count for SQL: INSERT INTO REQUEST (id,groupe,pairs,subject) VALUES (1,'e1','2','math')
20:06:27 DEBUG ScriptUtils          1 returned as update count for SQL: INSERT INTO REQUEST (id,groupe,pairs,subject) VALUES (1,'e2','1','math')
20:06:27 DEBUG ScriptUtils          Executed SQL script from URL [jar:file:/home/oleg/dev/university/test-db/target/test-db-1.0-SNAPSHOT.jar!/init-db.sql] in 5 ms.
20:06:27 DEBUG ingletonBeanRegistry Creating shared instance of singleton bean 'userDao'
20:06:27 DEBUG ingletonBeanRegistry Creating shared instance of singleton bean 'requestDao'
20:06:27 DEBUG ontextLoaderDelegate Storing ApplicationContext [758465579] in cache under key [[MergedContextConfiguration@42a9a63e testClass = DaoRequestJDBCIT, locations = '{classpath*:test-db.xml, classpath*:test-jdbc-conf.xml}', classes = '{}', contextInitializerClasses = '[]', activeProfiles = '{}', propertySourceLocations = '{}', propertySourceProperties = '{}', contextCustomizers = set[[empty]], contextLoader = 'org.springframework.test.context.support.DelegatingSmartContextLoader', parent = [null]]]
20:06:27 DEBUG DefaultContextCache  Spring test ApplicationContext cache statistics: [DefaultContextCache@3f049056 size = 1, maxSize = 32, parentContextCount = 0, hitCount = 0, missCount = 1]
20:06:27 DEBUG estExecutionListener Performing dependency injection for test context [[DefaultTestContext@2449cff7 testClass = DaoRequestJDBCIT, testInstance = com.epam.brest.dao.DaoRequestJDBCIT@602ae7b6, testMethod = [null], testException = [null], mergedContextConfiguration = [MergedContextConfiguration@42a9a63e testClass = DaoRequestJDBCIT, locations = '{classpath*:test-db.xml, classpath*:test-jdbc-conf.xml}', classes = '{}', contextInitializerClasses = '[]', activeProfiles = '{}', propertySourceLocations = '{}', propertySourceProperties = '{}', contextCustomizers = set[[empty]], contextLoader = 'org.springframework.test.context.support.DelegatingSmartContextLoader', parent = [null]], attributes = map['org.springframework.test.context.event.ApplicationEventsTestExecutionListener.recordApplicationEvents' -> false]]].
20:06:27 DEBUG ontextLoaderDelegate Retrieved ApplicationContext [758465579] from cache with key [[MergedContextConfiguration@42a9a63e testClass = DaoRequestJDBCIT, locations = '{classpath*:test-db.xml, classpath*:test-jdbc-conf.xml}', classes = '{}', contextInitializerClasses = '[]', activeProfiles = '{}', propertySourceLocations = '{}', propertySourceProperties = '{}', contextCustomizers = set[[empty]], contextLoader = 'org.springframework.test.context.support.DelegatingSmartContextLoader', parent = [null]]]
20:06:27 DEBUG DefaultContextCache  Spring test ApplicationContext cache statistics: [DefaultContextCache@3f049056 size = 1, maxSize = 32, parentContextCount = 0, hitCount = 1, missCount = 1]
20:06:27 DEBUG ontextLoaderDelegate Retrieved ApplicationContext [758465579] from cache with key [[MergedContextConfiguration@42a9a63e testClass = DaoRequestJDBCIT, locations = '{classpath*:test-db.xml, classpath*:test-jdbc-conf.xml}', classes = '{}', contextInitializerClasses = '[]', activeProfiles = '{}', propertySourceLocations = '{}', propertySourceProperties = '{}', contextCustomizers = set[[empty]], contextLoader = 'org.springframework.test.context.support.DelegatingSmartContextLoader', parent = [null]]]
20:06:27 DEBUG DefaultContextCache  Spring test ApplicationContext cache statistics: [DefaultContextCache@3f049056 size = 1, maxSize = 32, parentContextCount = 0, hitCount = 2, missCount = 1]
20:06:27 DEBUG estExecutionListener Before test method: context [DefaultTestContext@2449cff7 testClass = DaoRequestJDBCIT, testInstance = com.epam.brest.dao.DaoRequestJDBCIT@602ae7b6, testMethod = findAll@DaoRequestJDBCIT, testException = [null], mergedContextConfiguration = [MergedContextConfiguration@42a9a63e testClass = DaoRequestJDBCIT, locations = '{classpath*:test-db.xml, classpath*:test-jdbc-conf.xml}', classes = '{}', contextInitializerClasses = '[]', activeProfiles = '{}', propertySourceLocations = '{}', propertySourceProperties = '{}', contextCustomizers = set[[empty]], contextLoader = 'org.springframework.test.context.support.DelegatingSmartContextLoader', parent = [null]], attributes = map['org.springframework.test.context.event.ApplicationEventsTestExecutionListener.recordApplicationEvents' -> false]], class annotated with @DirtiesContext [false] with mode [null], method annotated with @DirtiesContext [false] with mode [null].
20:06:27 DEBUG estExecutionListener Explicit transaction definition [PROPAGATION_REQUIRED,ISOLATION_DEFAULT] found for test context [DefaultTestContext@2449cff7 testClass = DaoRequestJDBCIT, testInstance = com.epam.brest.dao.DaoRequestJDBCIT@602ae7b6, testMethod = findAll@DaoRequestJDBCIT, testException = [null], mergedContextConfiguration = [MergedContextConfiguration@42a9a63e testClass = DaoRequestJDBCIT, locations = '{classpath*:test-db.xml, classpath*:test-jdbc-conf.xml}', classes = '{}', contextInitializerClasses = '[]', activeProfiles = '{}', propertySourceLocations = '{}', propertySourceProperties = '{}', contextCustomizers = set[[empty]], contextLoader = 'org.springframework.test.context.support.DelegatingSmartContextLoader', parent = [null]], attributes = map['org.springframework.test.context.event.ApplicationEventsTestExecutionListener.recordApplicationEvents' -> false]]
20:06:27 DEBUG ontextLoaderDelegate Retrieved ApplicationContext [758465579] from cache with key [[MergedContextConfiguration@42a9a63e testClass = DaoRequestJDBCIT, locations = '{classpath*:test-db.xml, classpath*:test-jdbc-conf.xml}', classes = '{}', contextInitializerClasses = '[]', activeProfiles = '{}', propertySourceLocations = '{}', propertySourceProperties = '{}', contextCustomizers = set[[empty]], contextLoader = 'org.springframework.test.context.support.DelegatingSmartContextLoader', parent = [null]]]
20:06:27 DEBUG DefaultContextCache  Spring test ApplicationContext cache statistics: [DefaultContextCache@3f049056 size = 1, maxSize = 32, parentContextCount = 0, hitCount = 3, missCount = 1]
20:06:27 DEBUG estExecutionListener No method-level @Rollback override: using default rollback [true] for test context [DefaultTestContext@2449cff7 testClass = DaoRequestJDBCIT, testInstance = com.epam.brest.dao.DaoRequestJDBCIT@602ae7b6, testMethod = findAll@DaoRequestJDBCIT, testException = [null], mergedContextConfiguration = [MergedContextConfiguration@42a9a63e testClass = DaoRequestJDBCIT, locations = '{classpath*:test-db.xml, classpath*:test-jdbc-conf.xml}', classes = '{}', contextInitializerClasses = '[]', activeProfiles = '{}', propertySourceLocations = '{}', propertySourceProperties = '{}', contextCustomizers = set[[empty]], contextLoader = 'org.springframework.test.context.support.DelegatingSmartContextLoader', parent = [null]], attributes = map['org.springframework.test.context.event.ApplicationEventsTestExecutionListener.recordApplicationEvents' -> false]].
20:06:27 DEBUG rmTransactionManager Creating new transaction with name [com.epam.brest.dao.DaoRequestJDBCIT.findAll]: PROPAGATION_REQUIRED,ISOLATION_DEFAULT
20:06:27 DEBUG verManagerDataSource Creating new JDBC DriverManager Connection to [jdbc:h2:mem:test-db;MODE=MySQL;DB_CLOSE_DELAY=-1]
20:06:27 DEBUG ceTransactionManager Acquired Connection [conn1: url=jdbc:h2:mem:test-db user=SA] for JDBC transaction
20:06:27 DEBUG ceTransactionManager Switching JDBC Connection [conn1: url=jdbc:h2:mem:test-db user=SA] to manual commit
20:06:27 INFO  TransactionContext   Began transaction (1) for test context [DefaultTestContext@2449cff7 testClass = DaoRequestJDBCIT, testInstance = com.epam.brest.dao.DaoRequestJDBCIT@602ae7b6, testMethod = findAll@DaoRequestJDBCIT, testException = [null], mergedContextConfiguration = [MergedContextConfiguration@42a9a63e testClass = DaoRequestJDBCIT, locations = '{classpath*:test-db.xml, classpath*:test-jdbc-conf.xml}', classes = '{}', contextInitializerClasses = '[]', activeProfiles = '{}', propertySourceLocations = '{}', propertySourceProperties = '{}', contextCustomizers = set[[empty]], contextLoader = 'org.springframework.test.context.support.DelegatingSmartContextLoader', parent = [null]], attributes = map['org.springframework.test.context.event.ApplicationEventsTestExecutionListener.recordApplicationEvents' -> false]]; transaction manager [org.springframework.jdbc.datasource.DataSourceTransactionManager@18acfe88]; rollback [true]
20:06:27 DEBUG ontextLoaderDelegate Retrieved ApplicationContext [758465579] from cache with key [[MergedContextConfiguration@42a9a63e testClass = DaoRequestJDBCIT, locations = '{classpath*:test-db.xml, classpath*:test-jdbc-conf.xml}', classes = '{}', contextInitializerClasses = '[]', activeProfiles = '{}', propertySourceLocations = '{}', propertySourceProperties = '{}', contextCustomizers = set[[empty]], contextLoader = 'org.springframework.test.context.support.DelegatingSmartContextLoader', parent = [null]]]
20:06:27 DEBUG DefaultContextCache  Spring test ApplicationContext cache statistics: [DefaultContextCache@3f049056 size = 1, maxSize = 32, parentContextCount = 0, hitCount = 4, missCount = 1]
20:06:27 DEBUG ontextLoaderDelegate Retrieved ApplicationContext [758465579] from cache with key [[MergedContextConfiguration@42a9a63e testClass = DaoRequestJDBCIT, locations = '{classpath*:test-db.xml, classpath*:test-jdbc-conf.xml}', classes = '{}', contextInitializerClasses = '[]', activeProfiles = '{}', propertySourceLocations = '{}', propertySourceProperties = '{}', contextCustomizers = set[[empty]], contextLoader = 'org.springframework.test.context.support.DelegatingSmartContextLoader', parent = [null]]]
20:06:27 DEBUG DefaultContextCache  Spring test ApplicationContext cache statistics: [DefaultContextCache@3f049056 size = 1, maxSize = 32, parentContextCount = 0, hitCount = 5, missCount = 1]
20:06:27 DEBUG DaoRequestJDBCIT     Execute test of REQUEST : getAll()
20:06:27 DEBUG JdbcTemplate         Executing prepared SQL query
20:06:27 DEBUG JdbcTemplate         Executing prepared SQL statement [select d.idR,d.id, d.groupe, d.pairs, d.subject from request d where id=?]
20:06:27 DEBUG JdbcTemplate         Executing prepared SQL query
20:06:27 DEBUG JdbcTemplate         Executing prepared SQL statement [select d.idR,d.id, d.groupe, d.pairs, d.subject from request d where id=?]
20:06:27 DEBUG ontextLoaderDelegate Retrieved ApplicationContext [758465579] from cache with key [[MergedContextConfiguration@42a9a63e testClass = DaoRequestJDBCIT, locations = '{classpath*:test-db.xml, classpath*:test-jdbc-conf.xml}', classes = '{}', contextInitializerClasses = '[]', activeProfiles = '{}', propertySourceLocations = '{}', propertySourceProperties = '{}', contextCustomizers = set[[empty]], contextLoader = 'org.springframework.test.context.support.DelegatingSmartContextLoader', parent = [null]]]
20:06:27 DEBUG DefaultContextCache  Spring test ApplicationContext cache statistics: [DefaultContextCache@3f049056 size = 1, maxSize = 32, parentContextCount = 0, hitCount = 6, missCount = 1]
20:06:27 DEBUG ontextLoaderDelegate Retrieved ApplicationContext [758465579] from cache with key [[MergedContextConfiguration@42a9a63e testClass = DaoRequestJDBCIT, locations = '{classpath*:test-db.xml, classpath*:test-jdbc-conf.xml}', classes = '{}', contextInitializerClasses = '[]', activeProfiles = '{}', propertySourceLocations = '{}', propertySourceProperties = '{}', contextCustomizers = set[[empty]], contextLoader = 'org.springframework.test.context.support.DelegatingSmartContextLoader', parent = [null]]]
20:06:27 DEBUG DefaultContextCache  Spring test ApplicationContext cache statistics: [DefaultContextCache@3f049056 size = 1, maxSize = 32, parentContextCount = 0, hitCount = 7, missCount = 1]
20:06:27 DEBUG rmTransactionManager Initiating transaction rollback
20:06:27 DEBUG ceTransactionManager Rolling back JDBC transaction on Connection [conn1: url=jdbc:h2:mem:test-db user=SA]
20:06:27 DEBUG ceTransactionManager Releasing JDBC Connection [conn1: url=jdbc:h2:mem:test-db user=SA] after transaction
20:06:27 INFO  TransactionContext   Rolled back transaction for test: [DefaultTestContext@2449cff7 testClass = DaoRequestJDBCIT, testInstance = com.epam.brest.dao.DaoRequestJDBCIT@602ae7b6, testMethod = findAll@DaoRequestJDBCIT, testException = [null], mergedContextConfiguration = [MergedContextConfiguration@42a9a63e testClass = DaoRequestJDBCIT, locations = '{classpath*:test-db.xml, classpath*:test-jdbc-conf.xml}', classes = '{}', contextInitializerClasses = '[]', activeProfiles = '{}', propertySourceLocations = '{}', propertySourceProperties = '{}', contextCustomizers = set[[empty]], contextLoader = 'org.springframework.test.context.support.DelegatingSmartContextLoader', parent = [null]], attributes = map['org.springframework.test.context.event.ApplicationEventsTestExecutionListener.recordApplicationEvents' -> false]]
20:06:27 DEBUG estExecutionListener After test method: context [DefaultTestContext@2449cff7 testClass = DaoRequestJDBCIT, testInstance = com.epam.brest.dao.DaoRequestJDBCIT@602ae7b6, testMethod = findAll@DaoRequestJDBCIT, testException = [null], mergedContextConfiguration = [MergedContextConfiguration@42a9a63e testClass = DaoRequestJDBCIT, locations = '{classpath*:test-db.xml, classpath*:test-jdbc-conf.xml}', classes = '{}', contextInitializerClasses = '[]', activeProfiles = '{}', propertySourceLocations = '{}', propertySourceProperties = '{}', contextCustomizers = set[[empty]], contextLoader = 'org.springframework.test.context.support.DelegatingSmartContextLoader', parent = [null]], attributes = map['org.springframework.test.context.event.ApplicationEventsTestExecutionListener.recordApplicationEvents' -> false]], class annotated with @DirtiesContext [false] with mode [null], method annotated with @DirtiesContext [false] with mode [null].
]]></system-out>
    <system-err><![CDATA[Warning: Nashorn engine is planned to be removed from a future JDK release
]]></system-err>
  </testcase>
</testsuite>