<?xml version="1.0" encoding="UTF-8"?>
<testsuite xmlns:xsi="http://www.w3.org/2001/XMLSchema-instance" xsi:noNamespaceSchemaLocation="https://maven.apache.org/surefire/maven-failsafe-plugin/xsd/failsafe-test-report-3.0.xsd" version="3.0" name="com.epam.brest.dao.DaoUserJDBCIT" time="1.758" tests="2" errors="0" skipped="0" failures="0">
  <properties>
    <property name="sun.desktop" value="gnome"/>
    <property name="awt.toolkit" value="sun.awt.X11.XToolkit"/>
    <property name="java.specification.version" value="11"/>
    <property name="sun.cpu.isalist" value=""/>
    <property name="sun.jnu.encoding" value="UTF-8"/>
    <property name="java.class.path" value="/home/oleg/dev/university/dao/target/test-classes:/home/oleg/dev/university/dao/target/classes:/home/oleg/dev/university/model/target/model-1.0-SNAPSHOT.jar:/home/oleg/.m2/repository/org/springframework/spring-core/5.3.4/spring-core-5.3.4.jar:/home/oleg/.m2/repository/org/springframework/spring-jcl/5.3.4/spring-jcl-5.3.4.jar:/home/oleg/.m2/repository/org/springframework/spring-beans/5.3.4/spring-beans-5.3.4.jar:/home/oleg/.m2/repository/org/hibernate/validator/hibernate-validator/6.1.3.Final/hibernate-validator-6.1.3.Final.jar:/home/oleg/.m2/repository/jakarta/validation/jakarta.validation-api/2.0.2/jakarta.validation-api-2.0.2.jar:/home/oleg/.m2/repository/org/jboss/logging/jboss-logging/3.3.2.Final/jboss-logging-3.3.2.Final.jar:/home/oleg/.m2/repository/com/fasterxml/classmate/1.3.4/classmate-1.3.4.jar:/home/oleg/dev/university/daoAPI/target/daoAPI-1.0-SNAPSHOT.jar:/home/oleg/.m2/repository/com/epam/brest/model/model/1.0-SNAPSHOT/model-1.0-SNAPSHOT.jar:/home/oleg/dev/university/test-db/target/test-db-1.0-SNAPSHOT.jar:/home/oleg/.m2/repository/com/h2database/h2/1.4.200/h2-1.4.200.jar:/home/oleg/.m2/repository/org/springframework/spring-context/5.3.4/spring-context-5.3.4.jar:/home/oleg/.m2/repository/org/springframework/spring-aop/5.3.4/spring-aop-5.3.4.jar:/home/oleg/.m2/repository/org/springframework/spring-expression/5.3.4/spring-expression-5.3.4.jar:/home/oleg/.m2/repository/org/springframework/spring-jdbc/5.3.4/spring-jdbc-5.3.4.jar:/home/oleg/.m2/repository/org/springframework/spring-tx/5.3.4/spring-tx-5.3.4.jar:/home/oleg/.m2/repository/org/springframework/spring-test/5.3.4/spring-test-5.3.4.jar:/home/oleg/.m2/repository/org/apache/logging/log4j/log4j-api/2.14.1/log4j-api-2.14.1.jar:/home/oleg/.m2/repository/org/apache/logging/log4j/log4j-core/2.14.1/log4j-core-2.14.1.jar:/home/oleg/.m2/repository/org/junit/jupiter/junit-jupiter-engine/5.4.0/junit-jupiter-engine-5.4.0.jar:/home/oleg/.m2/repository/org/apiguardian/apiguardian-api/1.0.0/apiguardian-api-1.0.0.jar:/home/oleg/.m2/repository/org/junit/platform/junit-platform-engine/1.4.0/junit-platform-engine-1.4.0.jar:/home/oleg/.m2/repository/org/opentest4j/opentest4j/1.1.1/opentest4j-1.1.1.jar:/home/oleg/.m2/repository/org/junit/platform/junit-platform-commons/1.4.0/junit-platform-commons-1.4.0.jar:/home/oleg/.m2/repository/org/junit/jupiter/junit-jupiter-api/5.4.0/junit-jupiter-api-5.4.0.jar:"/>
    <property name="java.vm.vendor" value="Oracle Corporation"/>
    <property name="sun.arch.data.model" value="64"/>
    <property name="java.vendor.url" value="http://java.oracle.com/"/>
    <property name="user.timezone" value="Europe/Moscow"/>
    <property name="java.vm.specification.version" value="11"/>
    <property name="os.name" value="Linux"/>
    <property name="sun.java.launcher" value="SUN_STANDARD"/>
    <property name="user.country" value="RU"/>
    <property name="sun.boot.library.path" value="/home/oleg/.sdkman/candidates/java/11.0.2-open/lib"/>
    <property name="sun.java.command" value="/home/oleg/dev/university/dao/target/surefire/surefirebooter3072074064630295498.jar /home/oleg/dev/university/dao/target/surefire 2021-11-16T22-10-16_468-jvmRun1 surefire15749922681219812620tmp surefire_015987629634824798321tmp"/>
    <property name="jdk.debug" value="release"/>
    <property name="surefire.test.class.path" value="/home/oleg/dev/university/dao/target/test-classes:/home/oleg/dev/university/dao/target/classes:/home/oleg/dev/university/model/target/model-1.0-SNAPSHOT.jar:/home/oleg/.m2/repository/org/springframework/spring-core/5.3.4/spring-core-5.3.4.jar:/home/oleg/.m2/repository/org/springframework/spring-jcl/5.3.4/spring-jcl-5.3.4.jar:/home/oleg/.m2/repository/org/springframework/spring-beans/5.3.4/spring-beans-5.3.4.jar:/home/oleg/.m2/repository/org/hibernate/validator/hibernate-validator/6.1.3.Final/hibernate-validator-6.1.3.Final.jar:/home/oleg/.m2/repository/jakarta/validation/jakarta.validation-api/2.0.2/jakarta.validation-api-2.0.2.jar:/home/oleg/.m2/repository/org/jboss/logging/jboss-logging/3.3.2.Final/jboss-logging-3.3.2.Final.jar:/home/oleg/.m2/repository/com/fasterxml/classmate/1.3.4/classmate-1.3.4.jar:/home/oleg/dev/university/daoAPI/target/daoAPI-1.0-SNAPSHOT.jar:/home/oleg/.m2/repository/com/epam/brest/model/model/1.0-SNAPSHOT/model-1.0-SNAPSHOT.jar:/home/oleg/dev/university/test-db/target/test-db-1.0-SNAPSHOT.jar:/home/oleg/.m2/repository/com/h2database/h2/1.4.200/h2-1.4.200.jar:/home/oleg/.m2/repository/org/springframework/spring-context/5.3.4/spring-context-5.3.4.jar:/home/oleg/.m2/repository/org/springframework/spring-aop/5.3.4/spring-aop-5.3.4.jar:/home/oleg/.m2/repository/org/springframework/spring-expression/5.3.4/spring-expression-5.3.4.jar:/home/oleg/.m2/repository/org/springframework/spring-jdbc/5.3.4/spring-jdbc-5.3.4.jar:/home/oleg/.m2/repository/org/springframework/spring-tx/5.3.4/spring-tx-5.3.4.jar:/home/oleg/.m2/repository/org/springframework/spring-test/5.3.4/spring-test-5.3.4.jar:/home/oleg/.m2/repository/org/apache/logging/log4j/log4j-api/2.14.1/log4j-api-2.14.1.jar:/home/oleg/.m2/repository/org/apache/logging/log4j/log4j-core/2.14.1/log4j-core-2.14.1.jar:/home/oleg/.m2/repository/org/junit/jupiter/junit-jupiter-engine/5.4.0/junit-jupiter-engine-5.4.0.jar:/home/oleg/.m2/repository/org/apiguardian/apiguardian-api/1.0.0/apiguardian-api-1.0.0.jar:/home/oleg/.m2/repository/org/junit/platform/junit-platform-engine/1.4.0/junit-platform-engine-1.4.0.jar:/home/oleg/.m2/repository/org/opentest4j/opentest4j/1.1.1/opentest4j-1.1.1.jar:/home/oleg/.m2/repository/org/junit/platform/junit-platform-commons/1.4.0/junit-platform-commons-1.4.0.jar:/home/oleg/.m2/repository/org/junit/jupiter/junit-jupiter-api/5.4.0/junit-jupiter-api-5.4.0.jar:"/>
    <property name="sun.cpu.endian" value="little"/>
    <property name="user.home" value="/home/oleg"/>
    <property name="user.language" value="ru"/>
    <property name="java.specification.vendor" value="Oracle Corporation"/>
    <property name="java.version.date" value="2019-01-15"/>
    <property name="java.home" value="/home/oleg/.sdkman/candidates/java/11.0.2-open"/>
    <property name="file.separator" value="/"/>
    <property name="basedir" value="/home/oleg/dev/university/dao"/>
    <property name="java.vm.compressedOopsMode" value="32-bit"/>
    <property name="line.separator" value="&#10;"/>
    <property name="java.specification.name" value="Java Platform API Specification"/>
    <property name="java.vm.specification.vendor" value="Oracle Corporation"/>
    <property name="java.awt.graphicsenv" value="sun.awt.X11GraphicsEnvironment"/>
    <property name="surefire.real.class.path" value="/home/oleg/dev/university/dao/target/surefire/surefirebooter3072074064630295498.jar"/>
    <property name="sun.management.compiler" value="HotSpot 64-Bit Tiered Compilers"/>
    <property name="java.runtime.version" value="11.0.2+9"/>
    <property name="user.name" value="oleg"/>
    <property name="path.separator" value=":"/>
    <property name="os.version" value="5.4.0-90-generic"/>
    <property name="java.runtime.name" value="OpenJDK Runtime Environment"/>
    <property name="file.encoding" value="UTF-8"/>
    <property name="java.vm.name" value="OpenJDK 64-Bit Server VM"/>
    <property name="java.vendor.version" value="18.9"/>
    <property name="localRepository" value="/home/oleg/.m2/repository"/>
    <property name="java.vendor.url.bug" value="http://bugreport.java.com/bugreport/"/>
    <property name="java.io.tmpdir" value="/tmp"/>
    <property name="java.version" value="11.0.2"/>
    <property name="user.dir" value="/home/oleg/dev/university/dao"/>
    <property name="os.arch" value="amd64"/>
    <property name="java.vm.specification.name" value="Java Virtual Machine Specification"/>
    <property name="java.awt.printerjob" value="sun.print.PSPrinterJob"/>
    <property name="sun.os.patch.level" value="unknown"/>
    <property name="java.library.path" value="/usr/java/packages/lib:/usr/lib64:/lib64:/lib:/usr/lib"/>
    <property name="java.vendor" value="Oracle Corporation"/>
    <property name="java.vm.info" value="mixed mode"/>
    <property name="java.vm.version" value="11.0.2+9"/>
    <property name="sun.io.unicode.encoding" value="UnicodeLittle"/>
    <property name="java.class.version" value="55.0"/>
  </properties>
  <testcase name="insert" classname="com.epam.brest.dao.DaoUserJDBCIT" time="0.12">
    <system-out><![CDATA[2021-11-16 22:10:20,266 main DEBUG Apache Log4j Core 2.14.1 initializing configuration org.apache.logging.log4j.core.config.properties.PropertiesConfiguration@51133c06
2021-11-16 22:10:20,272 main DEBUG Installed 1 script engine
2021-11-16 22:10:20,516 main DEBUG Oracle Nashorn version: 11.0.2, language: ECMAScript, threading: Not Thread Safe, compile: true, names: [nashorn, Nashorn, js, JS, JavaScript, javascript, ECMAScript, ecmascript], factory class: jdk.nashorn.api.scripting.NashornScriptEngineFactory
2021-11-16 22:10:20,517 main DEBUG PluginManager 'Core' found 122 plugins
2021-11-16 22:10:20,517 main DEBUG PluginManager 'Level' found 0 plugins
2021-11-16 22:10:20,520 main DEBUG PluginManager 'Lookup' found 16 plugins
2021-11-16 22:10:20,522 main DEBUG Building Plugin[name=AppenderRef, class=org.apache.logging.log4j.core.config.AppenderRef].
2021-11-16 22:10:20,531 main DEBUG PluginManager 'TypeConverter' found 26 plugins
2021-11-16 22:10:20,539 main DEBUG createAppenderRef(ref="STDOUT", level="null", Filter=null)
2021-11-16 22:10:20,540 main DEBUG Building Plugin[name=root, class=org.apache.logging.log4j.core.config.LoggerConfig$RootLogger].
2021-11-16 22:10:20,542 main DEBUG createLogger(additivity="null", level="DEBUG", includeLocation="null", ={STDOUT}, ={}, Configuration(PropertiesConfig), Filter=null)
2021-11-16 22:10:20,545 main DEBUG Building Plugin[name=loggers, class=org.apache.logging.log4j.core.config.LoggersPlugin].
2021-11-16 22:10:20,546 main DEBUG createLoggers(={root})
2021-11-16 22:10:20,546 main DEBUG Building Plugin[name=layout, class=org.apache.logging.log4j.core.layout.PatternLayout].
2021-11-16 22:10:20,551 main DEBUG PatternLayout$Builder(pattern="%d{HH:mm:ss} %-5p %-20.20C{1} %m%n", PatternSelector=null, Configuration(PropertiesConfig), Replace=null, charset="null", alwaysWriteExceptions="null", disableAnsi="null", noConsoleNoAnsi="null", header="null", footer="null")
2021-11-16 22:10:20,551 main DEBUG PluginManager 'Converter' found 44 plugins
2021-11-16 22:10:20,567 main DEBUG Building Plugin[name=appender, class=org.apache.logging.log4j.core.appender.ConsoleAppender].
2021-11-16 22:10:20,579 main DEBUG ConsoleAppender$Builder(target="null", follow="null", direct="null", bufferedIo="null", bufferSize="null", immediateFlush="null", ignoreExceptions="null", PatternLayout(%d{HH:mm:ss} %-5p %-20.20C{1} %m%n), name="STDOUT", Configuration(PropertiesConfig), Filter=null, ={})
2021-11-16 22:10:20,583 main DEBUG Starting OutputStreamManager SYSTEM_OUT.false.false
2021-11-16 22:10:20,583 main DEBUG Building Plugin[name=appenders, class=org.apache.logging.log4j.core.config.AppendersPlugin].
2021-11-16 22:10:20,584 main DEBUG createAppenders(={STDOUT})
2021-11-16 22:10:20,585 main DEBUG Configuration org.apache.logging.log4j.core.config.properties.PropertiesConfiguration@51133c06 initialized
2021-11-16 22:10:20,586 main DEBUG Starting configuration org.apache.logging.log4j.core.config.properties.PropertiesConfiguration@51133c06
2021-11-16 22:10:20,587 main DEBUG Started configuration org.apache.logging.log4j.core.config.properties.PropertiesConfiguration@51133c06 OK.
2021-11-16 22:10:20,588 main DEBUG Shutting down OutputStreamManager SYSTEM_OUT.false.false-1
2021-11-16 22:10:20,588 main DEBUG OutputStream closed
2021-11-16 22:10:20,589 main DEBUG Shut down OutputStreamManager SYSTEM_OUT.false.false-1, all resources released: true
2021-11-16 22:10:20,589 main DEBUG Appender DefaultConsole-1 stopped with status true
2021-11-16 22:10:20,590 main DEBUG Stopped org.apache.logging.log4j.core.config.DefaultConfiguration@cb0755b OK
2021-11-16 22:10:20,651 main DEBUG Registering MBean org.apache.logging.log4j2:type=4b85612c
2021-11-16 22:10:20,654 main DEBUG Registering MBean org.apache.logging.log4j2:type=4b85612c,component=StatusLogger
2021-11-16 22:10:20,656 main DEBUG Registering MBean org.apache.logging.log4j2:type=4b85612c,component=ContextSelector
2021-11-16 22:10:20,658 main DEBUG Registering MBean org.apache.logging.log4j2:type=4b85612c,component=Loggers,name=
2021-11-16 22:10:20,660 main DEBUG Registering MBean org.apache.logging.log4j2:type=4b85612c,component=Appenders,name=STDOUT
2021-11-16 22:10:20,662 main DEBUG org.apache.logging.log4j.core.util.SystemClock supports precise timestamps.
2021-11-16 22:10:20,663 main DEBUG Reconfiguration complete for context[name=4b85612c] at URI /home/oleg/dev/university/dao/target/test-classes/log4j2-test.properties (org.apache.logging.log4j.core.LoggerContext@3276732) with optional ClassLoader: null
2021-11-16 22:10:20,664 main DEBUG Shutdown hook enabled. Registering a new one.
2021-11-16 22:10:20,665 main DEBUG LoggerContext[name=4b85612c, org.apache.logging.log4j.core.LoggerContext@3276732] started OK.
22:10:20 DEBUG BootstrapUtils       Instantiating CacheAwareContextLoaderDelegate from class [org.springframework.test.context.cache.DefaultCacheAwareContextLoaderDelegate]
22:10:20 DEBUG BootstrapUtils       Instantiating BootstrapContext using constructor [public org.springframework.test.context.support.DefaultBootstrapContext(java.lang.Class,org.springframework.test.context.CacheAwareContextLoaderDelegate)]
22:10:20 DEBUG BootstrapUtils       Instantiating TestContextBootstrapper for test class [com.epam.brest.dao.DaoUserJDBCIT] from class [org.springframework.test.context.support.DefaultTestContextBootstrapper]
22:10:20 DEBUG ngSmartContextLoader Delegating to GenericXmlContextLoader to process context configuration [ContextConfigurationAttributes@138fe6ec declaringClass = 'com.epam.brest.dao.DaoUserJDBCIT', classes = '{}', locations = '{classpath*:test-db.xml, classpath*:test-jdbc-conf.xml}', inheritLocations = true, initializers = '{}', inheritInitializers = true, name = [null], contextLoaderClass = 'org.springframework.test.context.ContextLoader'].
22:10:20 DEBUG ActiveProfilesUtils  Could not find an 'annotation declaring class' for annotation type [org.springframework.test.context.ActiveProfiles] and class [com.epam.brest.dao.DaoUserJDBCIT]
22:10:20 DEBUG tContextBootstrapper @TestExecutionListeners is not present for class [com.epam.brest.dao.DaoUserJDBCIT]: using defaults.
22:10:20 INFO  tContextBootstrapper Loaded default TestExecutionListener class names from location [META-INF/spring.factories]: [org.springframework.test.context.web.ServletTestExecutionListener, org.springframework.test.context.support.DirtiesContextBeforeModesTestExecutionListener, org.springframework.test.context.event.ApplicationEventsTestExecutionListener, org.springframework.test.context.support.DependencyInjectionTestExecutionListener, org.springframework.test.context.support.DirtiesContextTestExecutionListener, org.springframework.test.context.transaction.TransactionalTestExecutionListener, org.springframework.test.context.jdbc.SqlScriptsTestExecutionListener, org.springframework.test.context.event.EventPublishingTestExecutionListener]
22:10:20 DEBUG tContextBootstrapper Skipping candidate TestExecutionListener [org.springframework.test.context.web.ServletTestExecutionListener] due to a missing dependency. Specify custom listener classes or make the default listener classes and their required dependencies available. Offending class: [javax/servlet/ServletContext]
22:10:20 INFO  tContextBootstrapper Using TestExecutionListeners: [org.springframework.test.context.support.DirtiesContextBeforeModesTestExecutionListener@3a0807b7, org.springframework.test.context.event.ApplicationEventsTestExecutionListener@21a5fd96, org.springframework.test.context.support.DependencyInjectionTestExecutionListener@5769e7ae, org.springframework.test.context.support.DirtiesContextTestExecutionListener@5c77053b, org.springframework.test.context.transaction.TransactionalTestExecutionListener@26b894bd, org.springframework.test.context.jdbc.SqlScriptsTestExecutionListener@287f94b1, org.springframework.test.context.event.EventPublishingTestExecutionListener@30b34287]
22:10:20 DEBUG estExecutionListener Before test class: context [DefaultTestContext@5149f008 testClass = DaoUserJDBCIT, testInstance = [null], testMethod = [null], testException = [null], mergedContextConfiguration = [MergedContextConfiguration@7072bc39 testClass = DaoUserJDBCIT, locations = '{classpath*:test-db.xml, classpath*:test-jdbc-conf.xml}', classes = '{}', contextInitializerClasses = '[]', activeProfiles = '{}', propertySourceLocations = '{}', propertySourceProperties = '{}', contextCustomizers = set[[empty]], contextLoader = 'org.springframework.test.context.support.DelegatingSmartContextLoader', parent = [null]], attributes = map[[empty]]], class annotated with @DirtiesContext [false] with mode [null].
22:10:20 DEBUG ngSmartContextLoader Delegating to GenericXmlContextLoader to load context from [MergedContextConfiguration@7072bc39 testClass = DaoUserJDBCIT, locations = '{classpath*:test-db.xml, classpath*:test-jdbc-conf.xml}', classes = '{}', contextInitializerClasses = '[]', activeProfiles = '{}', propertySourceLocations = '{}', propertySourceProperties = '{}', contextCustomizers = set[[empty]], contextLoader = 'org.springframework.test.context.support.DelegatingSmartContextLoader', parent = [null]].
22:10:20 DEBUG GenericContextLoader Loading ApplicationContext for merged context configuration [[MergedContextConfiguration@7072bc39 testClass = DaoUserJDBCIT, locations = '{classpath*:test-db.xml, classpath*:test-jdbc-conf.xml}', classes = '{}', contextInitializerClasses = '[]', activeProfiles = '{}', propertySourceLocations = '{}', propertySourceProperties = '{}', contextCustomizers = set[[empty]], contextLoader = 'org.springframework.test.context.support.DelegatingSmartContextLoader', parent = [null]]].
22:10:20 DEBUG AbstractEnvironment  Activating profiles []
22:10:20 DEBUG BeanDefinitionReader Loaded 3 bean definitions from URL [jar:file:/home/oleg/dev/university/test-db/target/test-db-1.0-SNAPSHOT.jar!/test-db.xml]
22:10:20 DEBUG BeanDefinitionReader Loaded 1 bean definitions from URL [file:/home/oleg/dev/university/dao/target/test-classes/test-jdbc-conf.xml]
22:10:20 DEBUG ctApplicationContext Refreshing org.springframework.context.support.GenericApplicationContext@2a551a63
22:10:20 DEBUG ingletonBeanRegistry Creating shared instance of singleton bean 'org.springframework.context.annotation.internalConfigurationAnnotationProcessor'
22:10:21 DEBUG ingletonBeanRegistry Creating shared instance of singleton bean 'org.springframework.context.event.internalEventListenerProcessor'
22:10:21 DEBUG ingletonBeanRegistry Creating shared instance of singleton bean 'org.springframework.context.event.internalEventListenerFactory'
22:10:21 DEBUG ingletonBeanRegistry Creating shared instance of singleton bean 'org.springframework.context.annotation.internalAutowiredAnnotationProcessor'
22:10:21 DEBUG ingletonBeanRegistry Creating shared instance of singleton bean 'dataSource'
22:10:21 DEBUG verManagerDataSource Loaded JDBC driver: org.h2.Driver
22:10:21 DEBUG ingletonBeanRegistry Creating shared instance of singleton bean 'transactionManager'
22:10:21 DEBUG ingletonBeanRegistry Creating shared instance of singleton bean 'org.springframework.jdbc.datasource.init.DataSourceInitializer#0'
22:10:21 DEBUG DataSourceUtils      Fetching JDBC Connection from DataSource
22:10:21 DEBUG verManagerDataSource Creating new JDBC DriverManager Connection to [jdbc:h2:mem:test-db;MODE=MySQL;DB_CLOSE_DELAY=-1]
22:10:21 DEBUG ScriptUtils          Executing SQL script from URL [jar:file:/home/oleg/dev/university/test-db/target/test-db-1.0-SNAPSHOT.jar!/create-db.sql]
22:10:21 DEBUG ScriptUtils          0 returned as update count for SQL: DROP TABLE IF EXISTS user
22:10:21 DEBUG ScriptUtils          0 returned as update count for SQL: CREATE TABLE user ( id int NOT NULL auto_increment, name varchar(50) NOT NULL , login varchar(50) NOT NULL, password varchar(50) NOT NULL, email varchar(50) NOT NULL , CONSTRAINT user_pk PRIMARY KEY (id) )
22:10:21 DEBUG ScriptUtils          Executed SQL script from URL [jar:file:/home/oleg/dev/university/test-db/target/test-db-1.0-SNAPSHOT.jar!/create-db.sql] in 15 ms.
22:10:21 DEBUG ScriptUtils          Executing SQL script from URL [jar:file:/home/oleg/dev/university/test-db/target/test-db-1.0-SNAPSHOT.jar!/init-db.sql]
22:10:21 DEBUG ScriptUtils          1 returned as update count for SQL: INSERT INTO USER (name,login,password,email) VALUES ('Mike','mike','1111','a@mail.ru')
22:10:21 DEBUG ScriptUtils          1 returned as update count for SQL: INSERT INTO USER (name,login,password,email) VALUES ('Tom','tom','1111','a@mail.ru')
22:10:21 DEBUG ScriptUtils          Executed SQL script from URL [jar:file:/home/oleg/dev/university/test-db/target/test-db-1.0-SNAPSHOT.jar!/init-db.sql] in 3 ms.
22:10:21 DEBUG ingletonBeanRegistry Creating shared instance of singleton bean 'userDao'
22:10:21 DEBUG ontextLoaderDelegate Storing ApplicationContext [710220387] in cache under key [[MergedContextConfiguration@7072bc39 testClass = DaoUserJDBCIT, locations = '{classpath*:test-db.xml, classpath*:test-jdbc-conf.xml}', classes = '{}', contextInitializerClasses = '[]', activeProfiles = '{}', propertySourceLocations = '{}', propertySourceProperties = '{}', contextCustomizers = set[[empty]], contextLoader = 'org.springframework.test.context.support.DelegatingSmartContextLoader', parent = [null]]]
22:10:21 DEBUG DefaultContextCache  Spring test ApplicationContext cache statistics: [DefaultContextCache@62db0521 size = 1, maxSize = 32, parentContextCount = 0, hitCount = 0, missCount = 1]
22:10:21 DEBUG estExecutionListener Performing dependency injection for test context [[DefaultTestContext@5149f008 testClass = DaoUserJDBCIT, testInstance = com.epam.brest.dao.DaoUserJDBCIT@28c86134, testMethod = [null], testException = [null], mergedContextConfiguration = [MergedContextConfiguration@7072bc39 testClass = DaoUserJDBCIT, locations = '{classpath*:test-db.xml, classpath*:test-jdbc-conf.xml}', classes = '{}', contextInitializerClasses = '[]', activeProfiles = '{}', propertySourceLocations = '{}', propertySourceProperties = '{}', contextCustomizers = set[[empty]], contextLoader = 'org.springframework.test.context.support.DelegatingSmartContextLoader', parent = [null]], attributes = map['org.springframework.test.context.event.ApplicationEventsTestExecutionListener.recordApplicationEvents' -> false]]].
22:10:21 DEBUG ontextLoaderDelegate Retrieved ApplicationContext [710220387] from cache with key [[MergedContextConfiguration@7072bc39 testClass = DaoUserJDBCIT, locations = '{classpath*:test-db.xml, classpath*:test-jdbc-conf.xml}', classes = '{}', contextInitializerClasses = '[]', activeProfiles = '{}', propertySourceLocations = '{}', propertySourceProperties = '{}', contextCustomizers = set[[empty]], contextLoader = 'org.springframework.test.context.support.DelegatingSmartContextLoader', parent = [null]]]
22:10:21 DEBUG DefaultContextCache  Spring test ApplicationContext cache statistics: [DefaultContextCache@62db0521 size = 1, maxSize = 32, parentContextCount = 0, hitCount = 1, missCount = 1]
22:10:21 DEBUG ontextLoaderDelegate Retrieved ApplicationContext [710220387] from cache with key [[MergedContextConfiguration@7072bc39 testClass = DaoUserJDBCIT, locations = '{classpath*:test-db.xml, classpath*:test-jdbc-conf.xml}', classes = '{}', contextInitializerClasses = '[]', activeProfiles = '{}', propertySourceLocations = '{}', propertySourceProperties = '{}', contextCustomizers = set[[empty]], contextLoader = 'org.springframework.test.context.support.DelegatingSmartContextLoader', parent = [null]]]
22:10:21 DEBUG DefaultContextCache  Spring test ApplicationContext cache statistics: [DefaultContextCache@62db0521 size = 1, maxSize = 32, parentContextCount = 0, hitCount = 2, missCount = 1]
22:10:21 DEBUG estExecutionListener Before test method: context [DefaultTestContext@5149f008 testClass = DaoUserJDBCIT, testInstance = com.epam.brest.dao.DaoUserJDBCIT@28c86134, testMethod = insert@DaoUserJDBCIT, testException = [null], mergedContextConfiguration = [MergedContextConfiguration@7072bc39 testClass = DaoUserJDBCIT, locations = '{classpath*:test-db.xml, classpath*:test-jdbc-conf.xml}', classes = '{}', contextInitializerClasses = '[]', activeProfiles = '{}', propertySourceLocations = '{}', propertySourceProperties = '{}', contextCustomizers = set[[empty]], contextLoader = 'org.springframework.test.context.support.DelegatingSmartContextLoader', parent = [null]], attributes = map['org.springframework.test.context.event.ApplicationEventsTestExecutionListener.recordApplicationEvents' -> false]], class annotated with @DirtiesContext [false] with mode [null], method annotated with @DirtiesContext [false] with mode [null].
22:10:21 DEBUG estExecutionListener Explicit transaction definition [PROPAGATION_REQUIRED,ISOLATION_DEFAULT] found for test context [DefaultTestContext@5149f008 testClass = DaoUserJDBCIT, testInstance = com.epam.brest.dao.DaoUserJDBCIT@28c86134, testMethod = insert@DaoUserJDBCIT, testException = [null], mergedContextConfiguration = [MergedContextConfiguration@7072bc39 testClass = DaoUserJDBCIT, locations = '{classpath*:test-db.xml, classpath*:test-jdbc-conf.xml}', classes = '{}', contextInitializerClasses = '[]', activeProfiles = '{}', propertySourceLocations = '{}', propertySourceProperties = '{}', contextCustomizers = set[[empty]], contextLoader = 'org.springframework.test.context.support.DelegatingSmartContextLoader', parent = [null]], attributes = map['org.springframework.test.context.event.ApplicationEventsTestExecutionListener.recordApplicationEvents' -> false]]
22:10:21 DEBUG ontextLoaderDelegate Retrieved ApplicationContext [710220387] from cache with key [[MergedContextConfiguration@7072bc39 testClass = DaoUserJDBCIT, locations = '{classpath*:test-db.xml, classpath*:test-jdbc-conf.xml}', classes = '{}', contextInitializerClasses = '[]', activeProfiles = '{}', propertySourceLocations = '{}', propertySourceProperties = '{}', contextCustomizers = set[[empty]], contextLoader = 'org.springframework.test.context.support.DelegatingSmartContextLoader', parent = [null]]]
22:10:21 DEBUG DefaultContextCache  Spring test ApplicationContext cache statistics: [DefaultContextCache@62db0521 size = 1, maxSize = 32, parentContextCount = 0, hitCount = 3, missCount = 1]
22:10:21 DEBUG estExecutionListener No method-level @Rollback override: using default rollback [true] for test context [DefaultTestContext@5149f008 testClass = DaoUserJDBCIT, testInstance = com.epam.brest.dao.DaoUserJDBCIT@28c86134, testMethod = insert@DaoUserJDBCIT, testException = [null], mergedContextConfiguration = [MergedContextConfiguration@7072bc39 testClass = DaoUserJDBCIT, locations = '{classpath*:test-db.xml, classpath*:test-jdbc-conf.xml}', classes = '{}', contextInitializerClasses = '[]', activeProfiles = '{}', propertySourceLocations = '{}', propertySourceProperties = '{}', contextCustomizers = set[[empty]], contextLoader = 'org.springframework.test.context.support.DelegatingSmartContextLoader', parent = [null]], attributes = map['org.springframework.test.context.event.ApplicationEventsTestExecutionListener.recordApplicationEvents' -> false]].
22:10:21 DEBUG rmTransactionManager Creating new transaction with name [com.epam.brest.dao.DaoUserJDBCIT.insert]: PROPAGATION_REQUIRED,ISOLATION_DEFAULT
22:10:21 DEBUG verManagerDataSource Creating new JDBC DriverManager Connection to [jdbc:h2:mem:test-db;MODE=MySQL;DB_CLOSE_DELAY=-1]
22:10:21 DEBUG ceTransactionManager Acquired Connection [conn1: url=jdbc:h2:mem:test-db user=SA] for JDBC transaction
22:10:21 DEBUG ceTransactionManager Switching JDBC Connection [conn1: url=jdbc:h2:mem:test-db user=SA] to manual commit
22:10:21 INFO  TransactionContext   Began transaction (1) for test context [DefaultTestContext@5149f008 testClass = DaoUserJDBCIT, testInstance = com.epam.brest.dao.DaoUserJDBCIT@28c86134, testMethod = insert@DaoUserJDBCIT, testException = [null], mergedContextConfiguration = [MergedContextConfiguration@7072bc39 testClass = DaoUserJDBCIT, locations = '{classpath*:test-db.xml, classpath*:test-jdbc-conf.xml}', classes = '{}', contextInitializerClasses = '[]', activeProfiles = '{}', propertySourceLocations = '{}', propertySourceProperties = '{}', contextCustomizers = set[[empty]], contextLoader = 'org.springframework.test.context.support.DelegatingSmartContextLoader', parent = [null]], attributes = map['org.springframework.test.context.event.ApplicationEventsTestExecutionListener.recordApplicationEvents' -> false]]; transaction manager [org.springframework.jdbc.datasource.DataSourceTransactionManager@6fd12c5]; rollback [true]
22:10:21 DEBUG ontextLoaderDelegate Retrieved ApplicationContext [710220387] from cache with key [[MergedContextConfiguration@7072bc39 testClass = DaoUserJDBCIT, locations = '{classpath*:test-db.xml, classpath*:test-jdbc-conf.xml}', classes = '{}', contextInitializerClasses = '[]', activeProfiles = '{}', propertySourceLocations = '{}', propertySourceProperties = '{}', contextCustomizers = set[[empty]], contextLoader = 'org.springframework.test.context.support.DelegatingSmartContextLoader', parent = [null]]]
22:10:21 DEBUG DefaultContextCache  Spring test ApplicationContext cache statistics: [DefaultContextCache@62db0521 size = 1, maxSize = 32, parentContextCount = 0, hitCount = 4, missCount = 1]
22:10:21 DEBUG ontextLoaderDelegate Retrieved ApplicationContext [710220387] from cache with key [[MergedContextConfiguration@7072bc39 testClass = DaoUserJDBCIT, locations = '{classpath*:test-db.xml, classpath*:test-jdbc-conf.xml}', classes = '{}', contextInitializerClasses = '[]', activeProfiles = '{}', propertySourceLocations = '{}', propertySourceProperties = '{}', contextCustomizers = set[[empty]], contextLoader = 'org.springframework.test.context.support.DelegatingSmartContextLoader', parent = [null]]]
22:10:21 DEBUG DefaultContextCache  Spring test ApplicationContext cache statistics: [DefaultContextCache@62db0521 size = 1, maxSize = 32, parentContextCount = 0, hitCount = 5, missCount = 1]
22:10:21 DEBUG DaoUserJDBCIT        Execute test: write()
22:10:21 DEBUG DaoUser              Start: create(User{id=0, name='John', login='john', password='1111', email='isocrol@yandex.ru'})
22:10:21 DEBUG JdbcTemplate         Executing SQL update and returning generated keys
22:10:21 DEBUG JdbcTemplate         Executing prepared SQL statement [insert into user(name,login,password,email) values(?, ?, ?, ?)]
22:10:21 DEBUG DaoUser              Start: getAll()
22:10:21 DEBUG JdbcTemplate         Executing prepared SQL query
22:10:21 DEBUG JdbcTemplate         Executing prepared SQL statement [select d.id, d.name, d.login, d.password, d.email from user d order by d.name]
22:10:21 DEBUG ontextLoaderDelegate Retrieved ApplicationContext [710220387] from cache with key [[MergedContextConfiguration@7072bc39 testClass = DaoUserJDBCIT, locations = '{classpath*:test-db.xml, classpath*:test-jdbc-conf.xml}', classes = '{}', contextInitializerClasses = '[]', activeProfiles = '{}', propertySourceLocations = '{}', propertySourceProperties = '{}', contextCustomizers = set[[empty]], contextLoader = 'org.springframework.test.context.support.DelegatingSmartContextLoader', parent = [null]]]
22:10:21 DEBUG DefaultContextCache  Spring test ApplicationContext cache statistics: [DefaultContextCache@62db0521 size = 1, maxSize = 32, parentContextCount = 0, hitCount = 6, missCount = 1]
22:10:21 DEBUG ontextLoaderDelegate Retrieved ApplicationContext [710220387] from cache with key [[MergedContextConfiguration@7072bc39 testClass = DaoUserJDBCIT, locations = '{classpath*:test-db.xml, classpath*:test-jdbc-conf.xml}', classes = '{}', contextInitializerClasses = '[]', activeProfiles = '{}', propertySourceLocations = '{}', propertySourceProperties = '{}', contextCustomizers = set[[empty]], contextLoader = 'org.springframework.test.context.support.DelegatingSmartContextLoader', parent = [null]]]
22:10:21 DEBUG DefaultContextCache  Spring test ApplicationContext cache statistics: [DefaultContextCache@62db0521 size = 1, maxSize = 32, parentContextCount = 0, hitCount = 7, missCount = 1]
22:10:21 DEBUG rmTransactionManager Initiating transaction rollback
22:10:21 DEBUG ceTransactionManager Rolling back JDBC transaction on Connection [conn1: url=jdbc:h2:mem:test-db user=SA]
22:10:21 DEBUG ceTransactionManager Releasing JDBC Connection [conn1: url=jdbc:h2:mem:test-db user=SA] after transaction
22:10:21 INFO  TransactionContext   Rolled back transaction for test: [DefaultTestContext@5149f008 testClass = DaoUserJDBCIT, testInstance = com.epam.brest.dao.DaoUserJDBCIT@28c86134, testMethod = insert@DaoUserJDBCIT, testException = [null], mergedContextConfiguration = [MergedContextConfiguration@7072bc39 testClass = DaoUserJDBCIT, locations = '{classpath*:test-db.xml, classpath*:test-jdbc-conf.xml}', classes = '{}', contextInitializerClasses = '[]', activeProfiles = '{}', propertySourceLocations = '{}', propertySourceProperties = '{}', contextCustomizers = set[[empty]], contextLoader = 'org.springframework.test.context.support.DelegatingSmartContextLoader', parent = [null]], attributes = map['org.springframework.test.context.event.ApplicationEventsTestExecutionListener.recordApplicationEvents' -> false]]
22:10:21 DEBUG estExecutionListener After test method: context [DefaultTestContext@5149f008 testClass = DaoUserJDBCIT, testInstance = com.epam.brest.dao.DaoUserJDBCIT@28c86134, testMethod = insert@DaoUserJDBCIT, testException = [null], mergedContextConfiguration = [MergedContextConfiguration@7072bc39 testClass = DaoUserJDBCIT, locations = '{classpath*:test-db.xml, classpath*:test-jdbc-conf.xml}', classes = '{}', contextInitializerClasses = '[]', activeProfiles = '{}', propertySourceLocations = '{}', propertySourceProperties = '{}', contextCustomizers = set[[empty]], contextLoader = 'org.springframework.test.context.support.DelegatingSmartContextLoader', parent = [null]], attributes = map['org.springframework.test.context.event.ApplicationEventsTestExecutionListener.recordApplicationEvents' -> false]], class annotated with @DirtiesContext [false] with mode [null], method annotated with @DirtiesContext [false] with mode [null].
]]></system-out>
    <system-err><![CDATA[Warning: Nashorn engine is planned to be removed from a future JDK release
]]></system-err>
  </testcase>
  <testcase name="findAll" classname="com.epam.brest.dao.DaoUserJDBCIT" time="0.045">
    <system-out><![CDATA[22:10:21 DEBUG ontextLoaderDelegate Retrieved ApplicationContext [710220387] from cache with key [[MergedContextConfiguration@7072bc39 testClass = DaoUserJDBCIT, locations = '{classpath*:test-db.xml, classpath*:test-jdbc-conf.xml}', classes = '{}', contextInitializerClasses = '[]', activeProfiles = '{}', propertySourceLocations = '{}', propertySourceProperties = '{}', contextCustomizers = set[[empty]], contextLoader = 'org.springframework.test.context.support.DelegatingSmartContextLoader', parent = [null]]]
22:10:21 DEBUG DefaultContextCache  Spring test ApplicationContext cache statistics: [DefaultContextCache@62db0521 size = 1, maxSize = 32, parentContextCount = 0, hitCount = 8, missCount = 1]
22:10:21 DEBUG estExecutionListener Performing dependency injection for test context [[DefaultTestContext@5149f008 testClass = DaoUserJDBCIT, testInstance = com.epam.brest.dao.DaoUserJDBCIT@5d425813, testMethod = [null], testException = [null], mergedContextConfiguration = [MergedContextConfiguration@7072bc39 testClass = DaoUserJDBCIT, locations = '{classpath*:test-db.xml, classpath*:test-jdbc-conf.xml}', classes = '{}', contextInitializerClasses = '[]', activeProfiles = '{}', propertySourceLocations = '{}', propertySourceProperties = '{}', contextCustomizers = set[[empty]], contextLoader = 'org.springframework.test.context.support.DelegatingSmartContextLoader', parent = [null]], attributes = map['org.springframework.test.context.event.ApplicationEventsTestExecutionListener.recordApplicationEvents' -> false]]].
22:10:21 DEBUG ontextLoaderDelegate Retrieved ApplicationContext [710220387] from cache with key [[MergedContextConfiguration@7072bc39 testClass = DaoUserJDBCIT, locations = '{classpath*:test-db.xml, classpath*:test-jdbc-conf.xml}', classes = '{}', contextInitializerClasses = '[]', activeProfiles = '{}', propertySourceLocations = '{}', propertySourceProperties = '{}', contextCustomizers = set[[empty]], contextLoader = 'org.springframework.test.context.support.DelegatingSmartContextLoader', parent = [null]]]
22:10:21 DEBUG DefaultContextCache  Spring test ApplicationContext cache statistics: [DefaultContextCache@62db0521 size = 1, maxSize = 32, parentContextCount = 0, hitCount = 9, missCount = 1]
22:10:21 DEBUG ontextLoaderDelegate Retrieved ApplicationContext [710220387] from cache with key [[MergedContextConfiguration@7072bc39 testClass = DaoUserJDBCIT, locations = '{classpath*:test-db.xml, classpath*:test-jdbc-conf.xml}', classes = '{}', contextInitializerClasses = '[]', activeProfiles = '{}', propertySourceLocations = '{}', propertySourceProperties = '{}', contextCustomizers = set[[empty]], contextLoader = 'org.springframework.test.context.support.DelegatingSmartContextLoader', parent = [null]]]
22:10:21 DEBUG DefaultContextCache  Spring test ApplicationContext cache statistics: [DefaultContextCache@62db0521 size = 1, maxSize = 32, parentContextCount = 0, hitCount = 10, missCount = 1]
22:10:21 DEBUG estExecutionListener Before test method: context [DefaultTestContext@5149f008 testClass = DaoUserJDBCIT, testInstance = com.epam.brest.dao.DaoUserJDBCIT@5d425813, testMethod = findAll@DaoUserJDBCIT, testException = [null], mergedContextConfiguration = [MergedContextConfiguration@7072bc39 testClass = DaoUserJDBCIT, locations = '{classpath*:test-db.xml, classpath*:test-jdbc-conf.xml}', classes = '{}', contextInitializerClasses = '[]', activeProfiles = '{}', propertySourceLocations = '{}', propertySourceProperties = '{}', contextCustomizers = set[[empty]], contextLoader = 'org.springframework.test.context.support.DelegatingSmartContextLoader', parent = [null]], attributes = map['org.springframework.test.context.event.ApplicationEventsTestExecutionListener.recordApplicationEvents' -> false]], class annotated with @DirtiesContext [false] with mode [null], method annotated with @DirtiesContext [false] with mode [null].
22:10:21 DEBUG estExecutionListener Explicit transaction definition [PROPAGATION_REQUIRED,ISOLATION_DEFAULT] found for test context [DefaultTestContext@5149f008 testClass = DaoUserJDBCIT, testInstance = com.epam.brest.dao.DaoUserJDBCIT@5d425813, testMethod = findAll@DaoUserJDBCIT, testException = [null], mergedContextConfiguration = [MergedContextConfiguration@7072bc39 testClass = DaoUserJDBCIT, locations = '{classpath*:test-db.xml, classpath*:test-jdbc-conf.xml}', classes = '{}', contextInitializerClasses = '[]', activeProfiles = '{}', propertySourceLocations = '{}', propertySourceProperties = '{}', contextCustomizers = set[[empty]], contextLoader = 'org.springframework.test.context.support.DelegatingSmartContextLoader', parent = [null]], attributes = map['org.springframework.test.context.event.ApplicationEventsTestExecutionListener.recordApplicationEvents' -> false]]
22:10:21 DEBUG ontextLoaderDelegate Retrieved ApplicationContext [710220387] from cache with key [[MergedContextConfiguration@7072bc39 testClass = DaoUserJDBCIT, locations = '{classpath*:test-db.xml, classpath*:test-jdbc-conf.xml}', classes = '{}', contextInitializerClasses = '[]', activeProfiles = '{}', propertySourceLocations = '{}', propertySourceProperties = '{}', contextCustomizers = set[[empty]], contextLoader = 'org.springframework.test.context.support.DelegatingSmartContextLoader', parent = [null]]]
22:10:21 DEBUG DefaultContextCache  Spring test ApplicationContext cache statistics: [DefaultContextCache@62db0521 size = 1, maxSize = 32, parentContextCount = 0, hitCount = 11, missCount = 1]
22:10:21 DEBUG estExecutionListener No method-level @Rollback override: using default rollback [true] for test context [DefaultTestContext@5149f008 testClass = DaoUserJDBCIT, testInstance = com.epam.brest.dao.DaoUserJDBCIT@5d425813, testMethod = findAll@DaoUserJDBCIT, testException = [null], mergedContextConfiguration = [MergedContextConfiguration@7072bc39 testClass = DaoUserJDBCIT, locations = '{classpath*:test-db.xml, classpath*:test-jdbc-conf.xml}', classes = '{}', contextInitializerClasses = '[]', activeProfiles = '{}', propertySourceLocations = '{}', propertySourceProperties = '{}', contextCustomizers = set[[empty]], contextLoader = 'org.springframework.test.context.support.DelegatingSmartContextLoader', parent = [null]], attributes = map['org.springframework.test.context.event.ApplicationEventsTestExecutionListener.recordApplicationEvents' -> false]].
22:10:21 DEBUG rmTransactionManager Creating new transaction with name [com.epam.brest.dao.DaoUserJDBCIT.findAll]: PROPAGATION_REQUIRED,ISOLATION_DEFAULT
22:10:21 DEBUG verManagerDataSource Creating new JDBC DriverManager Connection to [jdbc:h2:mem:test-db;MODE=MySQL;DB_CLOSE_DELAY=-1]
22:10:21 DEBUG ceTransactionManager Acquired Connection [conn2: url=jdbc:h2:mem:test-db user=SA] for JDBC transaction
22:10:21 DEBUG ceTransactionManager Switching JDBC Connection [conn2: url=jdbc:h2:mem:test-db user=SA] to manual commit
22:10:21 INFO  TransactionContext   Began transaction (1) for test context [DefaultTestContext@5149f008 testClass = DaoUserJDBCIT, testInstance = com.epam.brest.dao.DaoUserJDBCIT@5d425813, testMethod = findAll@DaoUserJDBCIT, testException = [null], mergedContextConfiguration = [MergedContextConfiguration@7072bc39 testClass = DaoUserJDBCIT, locations = '{classpath*:test-db.xml, classpath*:test-jdbc-conf.xml}', classes = '{}', contextInitializerClasses = '[]', activeProfiles = '{}', propertySourceLocations = '{}', propertySourceProperties = '{}', contextCustomizers = set[[empty]], contextLoader = 'org.springframework.test.context.support.DelegatingSmartContextLoader', parent = [null]], attributes = map['org.springframework.test.context.event.ApplicationEventsTestExecutionListener.recordApplicationEvents' -> false]]; transaction manager [org.springframework.jdbc.datasource.DataSourceTransactionManager@6fd12c5]; rollback [true]
22:10:21 DEBUG ontextLoaderDelegate Retrieved ApplicationContext [710220387] from cache with key [[MergedContextConfiguration@7072bc39 testClass = DaoUserJDBCIT, locations = '{classpath*:test-db.xml, classpath*:test-jdbc-conf.xml}', classes = '{}', contextInitializerClasses = '[]', activeProfiles = '{}', propertySourceLocations = '{}', propertySourceProperties = '{}', contextCustomizers = set[[empty]], contextLoader = 'org.springframework.test.context.support.DelegatingSmartContextLoader', parent = [null]]]
22:10:21 DEBUG DefaultContextCache  Spring test ApplicationContext cache statistics: [DefaultContextCache@62db0521 size = 1, maxSize = 32, parentContextCount = 0, hitCount = 12, missCount = 1]
22:10:21 DEBUG ontextLoaderDelegate Retrieved ApplicationContext [710220387] from cache with key [[MergedContextConfiguration@7072bc39 testClass = DaoUserJDBCIT, locations = '{classpath*:test-db.xml, classpath*:test-jdbc-conf.xml}', classes = '{}', contextInitializerClasses = '[]', activeProfiles = '{}', propertySourceLocations = '{}', propertySourceProperties = '{}', contextCustomizers = set[[empty]], contextLoader = 'org.springframework.test.context.support.DelegatingSmartContextLoader', parent = [null]]]
22:10:21 DEBUG DefaultContextCache  Spring test ApplicationContext cache statistics: [DefaultContextCache@62db0521 size = 1, maxSize = 32, parentContextCount = 0, hitCount = 13, missCount = 1]
22:10:21 DEBUG DaoUserJDBCIT        Execute test: getAll()
22:10:21 DEBUG DaoUser              Start: getAll()
22:10:21 DEBUG JdbcTemplate         Executing prepared SQL query
22:10:21 DEBUG JdbcTemplate         Executing prepared SQL statement [select d.id, d.name, d.login, d.password, d.email from user d order by d.name]
22:10:21 DEBUG DaoUser              Start: getAll()
22:10:21 DEBUG JdbcTemplate         Executing prepared SQL query
22:10:21 DEBUG JdbcTemplate         Executing prepared SQL statement [select d.id, d.name, d.login, d.password, d.email from user d order by d.name]
22:10:21 DEBUG ontextLoaderDelegate Retrieved ApplicationContext [710220387] from cache with key [[MergedContextConfiguration@7072bc39 testClass = DaoUserJDBCIT, locations = '{classpath*:test-db.xml, classpath*:test-jdbc-conf.xml}', classes = '{}', contextInitializerClasses = '[]', activeProfiles = '{}', propertySourceLocations = '{}', propertySourceProperties = '{}', contextCustomizers = set[[empty]], contextLoader = 'org.springframework.test.context.support.DelegatingSmartContextLoader', parent = [null]]]
22:10:21 DEBUG DefaultContextCache  Spring test ApplicationContext cache statistics: [DefaultContextCache@62db0521 size = 1, maxSize = 32, parentContextCount = 0, hitCount = 14, missCount = 1]
22:10:21 DEBUG ontextLoaderDelegate Retrieved ApplicationContext [710220387] from cache with key [[MergedContextConfiguration@7072bc39 testClass = DaoUserJDBCIT, locations = '{classpath*:test-db.xml, classpath*:test-jdbc-conf.xml}', classes = '{}', contextInitializerClasses = '[]', activeProfiles = '{}', propertySourceLocations = '{}', propertySourceProperties = '{}', contextCustomizers = set[[empty]], contextLoader = 'org.springframework.test.context.support.DelegatingSmartContextLoader', parent = [null]]]
22:10:21 DEBUG DefaultContextCache  Spring test ApplicationContext cache statistics: [DefaultContextCache@62db0521 size = 1, maxSize = 32, parentContextCount = 0, hitCount = 15, missCount = 1]
22:10:21 DEBUG rmTransactionManager Initiating transaction rollback
22:10:21 DEBUG ceTransactionManager Rolling back JDBC transaction on Connection [conn2: url=jdbc:h2:mem:test-db user=SA]
22:10:21 DEBUG ceTransactionManager Releasing JDBC Connection [conn2: url=jdbc:h2:mem:test-db user=SA] after transaction
22:10:21 INFO  TransactionContext   Rolled back transaction for test: [DefaultTestContext@5149f008 testClass = DaoUserJDBCIT, testInstance = com.epam.brest.dao.DaoUserJDBCIT@5d425813, testMethod = findAll@DaoUserJDBCIT, testException = [null], mergedContextConfiguration = [MergedContextConfiguration@7072bc39 testClass = DaoUserJDBCIT, locations = '{classpath*:test-db.xml, classpath*:test-jdbc-conf.xml}', classes = '{}', contextInitializerClasses = '[]', activeProfiles = '{}', propertySourceLocations = '{}', propertySourceProperties = '{}', contextCustomizers = set[[empty]], contextLoader = 'org.springframework.test.context.support.DelegatingSmartContextLoader', parent = [null]], attributes = map['org.springframework.test.context.event.ApplicationEventsTestExecutionListener.recordApplicationEvents' -> false]]
22:10:21 DEBUG estExecutionListener After test method: context [DefaultTestContext@5149f008 testClass = DaoUserJDBCIT, testInstance = com.epam.brest.dao.DaoUserJDBCIT@5d425813, testMethod = findAll@DaoUserJDBCIT, testException = [null], mergedContextConfiguration = [MergedContextConfiguration@7072bc39 testClass = DaoUserJDBCIT, locations = '{classpath*:test-db.xml, classpath*:test-jdbc-conf.xml}', classes = '{}', contextInitializerClasses = '[]', activeProfiles = '{}', propertySourceLocations = '{}', propertySourceProperties = '{}', contextCustomizers = set[[empty]], contextLoader = 'org.springframework.test.context.support.DelegatingSmartContextLoader', parent = [null]], attributes = map['org.springframework.test.context.event.ApplicationEventsTestExecutionListener.recordApplicationEvents' -> false]], class annotated with @DirtiesContext [false] with mode [null], method annotated with @DirtiesContext [false] with mode [null].
]]></system-out>
  </testcase>
</testsuite>