<?xml version="1.0" encoding="UTF-8"?>
<testsuite xmlns:xsi="http://www.w3.org/2001/XMLSchema-instance" xsi:noNamespaceSchemaLocation="https://maven.apache.org/surefire/maven-failsafe-plugin/xsd/failsafe-test-report-3.0.xsd" version="3.0" name="com.epam.brest.dao.DaoUserJDBCIT" time="0.333" tests="5" errors="0" skipped="0" failures="0">
  <properties>
    <property name="sun.desktop" value="gnome"/>
    <property name="awt.toolkit" value="sun.awt.X11.XToolkit"/>
    <property name="java.specification.version" value="11"/>
    <property name="sun.cpu.isalist" value=""/>
    <property name="sun.jnu.encoding" value="UTF-8"/>
    <property name="java.class.path" value="/home/oleg/dev/university/dao/target/test-classes:/home/oleg/dev/university/dao/target/classes:/home/oleg/dev/university/model/target/model-1.0-SNAPSHOT.jar:/home/oleg/.m2/repository/org/springframework/spring-core/5.3.4/spring-core-5.3.4.jar:/home/oleg/.m2/repository/org/springframework/spring-jcl/5.3.4/spring-jcl-5.3.4.jar:/home/oleg/.m2/repository/org/springframework/spring-beans/5.3.4/spring-beans-5.3.4.jar:/home/oleg/.m2/repository/org/hibernate/validator/hibernate-validator/6.1.3.Final/hibernate-validator-6.1.3.Final.jar:/home/oleg/.m2/repository/jakarta/validation/jakarta.validation-api/2.0.2/jakarta.validation-api-2.0.2.jar:/home/oleg/.m2/repository/org/jboss/logging/jboss-logging/3.3.2.Final/jboss-logging-3.3.2.Final.jar:/home/oleg/.m2/repository/com/fasterxml/classmate/1.3.4/classmate-1.3.4.jar:/home/oleg/dev/university/daoAPI/target/daoAPI-1.0-SNAPSHOT.jar:/home/oleg/.m2/repository/com/epam/brest/model/model/1.0-SNAPSHOT/model-1.0-SNAPSHOT.jar:/home/oleg/dev/university/test-db/target/test-db-1.0-SNAPSHOT.jar:/home/oleg/.m2/repository/com/h2database/h2/1.4.200/h2-1.4.200.jar:/home/oleg/.m2/repository/org/springframework/spring-context/5.3.4/spring-context-5.3.4.jar:/home/oleg/.m2/repository/org/springframework/spring-aop/5.3.4/spring-aop-5.3.4.jar:/home/oleg/.m2/repository/org/springframework/spring-expression/5.3.4/spring-expression-5.3.4.jar:/home/oleg/.m2/repository/org/springframework/spring-jdbc/5.3.4/spring-jdbc-5.3.4.jar:/home/oleg/.m2/repository/org/springframework/spring-tx/5.3.4/spring-tx-5.3.4.jar:/home/oleg/.m2/repository/org/springframework/spring-test/5.3.4/spring-test-5.3.4.jar:/home/oleg/.m2/repository/org/apache/logging/log4j/log4j-api/2.14.1/log4j-api-2.14.1.jar:/home/oleg/.m2/repository/org/apache/logging/log4j/log4j-core/2.14.1/log4j-core-2.14.1.jar:/home/oleg/.m2/repository/org/junit/jupiter/junit-jupiter-engine/5.4.0/junit-jupiter-engine-5.4.0.jar:/home/oleg/.m2/repository/org/apiguardian/apiguardian-api/1.0.0/apiguardian-api-1.0.0.jar:/home/oleg/.m2/repository/org/junit/platform/junit-platform-engine/1.4.0/junit-platform-engine-1.4.0.jar:/home/oleg/.m2/repository/org/opentest4j/opentest4j/1.1.1/opentest4j-1.1.1.jar:/home/oleg/.m2/repository/org/junit/platform/junit-platform-commons/1.4.0/junit-platform-commons-1.4.0.jar:/home/oleg/.m2/repository/org/junit/jupiter/junit-jupiter-api/5.4.0/junit-jupiter-api-5.4.0.jar:/home/oleg/.m2/repository/junit/junit/4.13/junit-4.13.jar:/home/oleg/.m2/repository/org/hamcrest/hamcrest-core/1.3/hamcrest-core-1.3.jar:"/>
    <property name="java.vm.vendor" value="Oracle Corporation"/>
    <property name="sun.arch.data.model" value="64"/>
    <property name="java.vendor.url" value="http://java.oracle.com/"/>
    <property name="user.timezone" value="Europe/Moscow"/>
    <property name="java.vm.specification.version" value="11"/>
    <property name="os.name" value="Linux"/>
    <property name="sun.java.launcher" value="SUN_STANDARD"/>
    <property name="user.country" value="RU"/>
    <property name="sun.boot.library.path" value="/home/oleg/.sdkman/candidates/java/11.0.2-open/lib"/>
    <property name="sun.java.command" value="/home/oleg/dev/university/dao/target/surefire/surefirebooter8725029261827774479.jar /home/oleg/dev/university/dao/target/surefire 2021-11-18T20-06-22_431-jvmRun1 surefire3359211929160821437tmp surefire_013478197761555661609tmp"/>
    <property name="jdk.debug" value="release"/>
    <property name="surefire.test.class.path" value="/home/oleg/dev/university/dao/target/test-classes:/home/oleg/dev/university/dao/target/classes:/home/oleg/dev/university/model/target/model-1.0-SNAPSHOT.jar:/home/oleg/.m2/repository/org/springframework/spring-core/5.3.4/spring-core-5.3.4.jar:/home/oleg/.m2/repository/org/springframework/spring-jcl/5.3.4/spring-jcl-5.3.4.jar:/home/oleg/.m2/repository/org/springframework/spring-beans/5.3.4/spring-beans-5.3.4.jar:/home/oleg/.m2/repository/org/hibernate/validator/hibernate-validator/6.1.3.Final/hibernate-validator-6.1.3.Final.jar:/home/oleg/.m2/repository/jakarta/validation/jakarta.validation-api/2.0.2/jakarta.validation-api-2.0.2.jar:/home/oleg/.m2/repository/org/jboss/logging/jboss-logging/3.3.2.Final/jboss-logging-3.3.2.Final.jar:/home/oleg/.m2/repository/com/fasterxml/classmate/1.3.4/classmate-1.3.4.jar:/home/oleg/dev/university/daoAPI/target/daoAPI-1.0-SNAPSHOT.jar:/home/oleg/.m2/repository/com/epam/brest/model/model/1.0-SNAPSHOT/model-1.0-SNAPSHOT.jar:/home/oleg/dev/university/test-db/target/test-db-1.0-SNAPSHOT.jar:/home/oleg/.m2/repository/com/h2database/h2/1.4.200/h2-1.4.200.jar:/home/oleg/.m2/repository/org/springframework/spring-context/5.3.4/spring-context-5.3.4.jar:/home/oleg/.m2/repository/org/springframework/spring-aop/5.3.4/spring-aop-5.3.4.jar:/home/oleg/.m2/repository/org/springframework/spring-expression/5.3.4/spring-expression-5.3.4.jar:/home/oleg/.m2/repository/org/springframework/spring-jdbc/5.3.4/spring-jdbc-5.3.4.jar:/home/oleg/.m2/repository/org/springframework/spring-tx/5.3.4/spring-tx-5.3.4.jar:/home/oleg/.m2/repository/org/springframework/spring-test/5.3.4/spring-test-5.3.4.jar:/home/oleg/.m2/repository/org/apache/logging/log4j/log4j-api/2.14.1/log4j-api-2.14.1.jar:/home/oleg/.m2/repository/org/apache/logging/log4j/log4j-core/2.14.1/log4j-core-2.14.1.jar:/home/oleg/.m2/repository/org/junit/jupiter/junit-jupiter-engine/5.4.0/junit-jupiter-engine-5.4.0.jar:/home/oleg/.m2/repository/org/apiguardian/apiguardian-api/1.0.0/apiguardian-api-1.0.0.jar:/home/oleg/.m2/repository/org/junit/platform/junit-platform-engine/1.4.0/junit-platform-engine-1.4.0.jar:/home/oleg/.m2/repository/org/opentest4j/opentest4j/1.1.1/opentest4j-1.1.1.jar:/home/oleg/.m2/repository/org/junit/platform/junit-platform-commons/1.4.0/junit-platform-commons-1.4.0.jar:/home/oleg/.m2/repository/org/junit/jupiter/junit-jupiter-api/5.4.0/junit-jupiter-api-5.4.0.jar:/home/oleg/.m2/repository/junit/junit/4.13/junit-4.13.jar:/home/oleg/.m2/repository/org/hamcrest/hamcrest-core/1.3/hamcrest-core-1.3.jar:"/>
    <property name="sun.cpu.endian" value="little"/>
    <property name="user.home" value="/home/oleg"/>
    <property name="user.language" value="ru"/>
    <property name="java.specification.vendor" value="Oracle Corporation"/>
    <property name="java.version.date" value="2019-01-15"/>
    <property name="java.home" value="/home/oleg/.sdkman/candidates/java/11.0.2-open"/>
    <property name="file.separator" value="/"/>
    <property name="basedir" value="/home/oleg/dev/university/dao"/>
    <property name="java.vm.compressedOopsMode" value="32-bit"/>
    <property name="line.separator" value="&#10;"/>
    <property name="java.specification.name" value="Java Platform API Specification"/>
    <property name="java.vm.specification.vendor" value="Oracle Corporation"/>
    <property name="java.awt.graphicsenv" value="sun.awt.X11GraphicsEnvironment"/>
    <property name="surefire.real.class.path" value="/home/oleg/dev/university/dao/target/surefire/surefirebooter8725029261827774479.jar"/>
    <property name="sun.management.compiler" value="HotSpot 64-Bit Tiered Compilers"/>
    <property name="java.runtime.version" value="11.0.2+9"/>
    <property name="user.name" value="oleg"/>
    <property name="path.separator" value=":"/>
    <property name="os.version" value="5.4.0-90-generic"/>
    <property name="java.runtime.name" value="OpenJDK Runtime Environment"/>
    <property name="file.encoding" value="UTF-8"/>
    <property name="java.vm.name" value="OpenJDK 64-Bit Server VM"/>
    <property name="java.vendor.version" value="18.9"/>
    <property name="localRepository" value="/home/oleg/.m2/repository"/>
    <property name="java.vendor.url.bug" value="http://bugreport.java.com/bugreport/"/>
    <property name="java.io.tmpdir" value="/tmp"/>
    <property name="java.version" value="11.0.2"/>
    <property name="user.dir" value="/home/oleg/dev/university/dao"/>
    <property name="os.arch" value="amd64"/>
    <property name="java.vm.specification.name" value="Java Virtual Machine Specification"/>
    <property name="java.awt.printerjob" value="sun.print.PSPrinterJob"/>
    <property name="sun.os.patch.level" value="unknown"/>
    <property name="java.library.path" value="/usr/java/packages/lib:/usr/lib64:/lib64:/lib:/usr/lib"/>
    <property name="java.vendor" value="Oracle Corporation"/>
    <property name="java.vm.info" value="mixed mode"/>
    <property name="java.vm.version" value="11.0.2+9"/>
    <property name="sun.io.unicode.encoding" value="UnicodeLittle"/>
    <property name="java.class.version" value="55.0"/>
  </properties>
  <testcase name="insert" classname="com.epam.brest.dao.DaoUserJDBCIT" time="0.077">
    <system-out><![CDATA[20:06:27 DEBUG BootstrapUtils       Instantiating CacheAwareContextLoaderDelegate from class [org.springframework.test.context.cache.DefaultCacheAwareContextLoaderDelegate]
20:06:27 DEBUG BootstrapUtils       Instantiating BootstrapContext using constructor [public org.springframework.test.context.support.DefaultBootstrapContext(java.lang.Class,org.springframework.test.context.CacheAwareContextLoaderDelegate)]
20:06:27 DEBUG BootstrapUtils       Instantiating TestContextBootstrapper for test class [com.epam.brest.dao.DaoUserJDBCIT] from class [org.springframework.test.context.support.DefaultTestContextBootstrapper]
20:06:27 DEBUG ngSmartContextLoader Delegating to GenericXmlContextLoader to process context configuration [ContextConfigurationAttributes@35f639fa declaringClass = 'com.epam.brest.dao.DaoUserJDBCIT', classes = '{}', locations = '{classpath*:test-db.xml, classpath*:test-jdbc-conf.xml}', inheritLocations = true, initializers = '{}', inheritInitializers = true, name = [null], contextLoaderClass = 'org.springframework.test.context.ContextLoader'].
20:06:27 DEBUG ActiveProfilesUtils  Could not find an 'annotation declaring class' for annotation type [org.springframework.test.context.ActiveProfiles] and class [com.epam.brest.dao.DaoUserJDBCIT]
20:06:27 DEBUG tContextBootstrapper @TestExecutionListeners is not present for class [com.epam.brest.dao.DaoUserJDBCIT]: using defaults.
20:06:27 INFO  tContextBootstrapper Loaded default TestExecutionListener class names from location [META-INF/spring.factories]: [org.springframework.test.context.web.ServletTestExecutionListener, org.springframework.test.context.support.DirtiesContextBeforeModesTestExecutionListener, org.springframework.test.context.event.ApplicationEventsTestExecutionListener, org.springframework.test.context.support.DependencyInjectionTestExecutionListener, org.springframework.test.context.support.DirtiesContextTestExecutionListener, org.springframework.test.context.transaction.TransactionalTestExecutionListener, org.springframework.test.context.jdbc.SqlScriptsTestExecutionListener, org.springframework.test.context.event.EventPublishingTestExecutionListener]
20:06:27 DEBUG tContextBootstrapper Skipping candidate TestExecutionListener [org.springframework.test.context.web.ServletTestExecutionListener] due to a missing dependency. Specify custom listener classes or make the default listener classes and their required dependencies available. Offending class: [javax/servlet/ServletContext]
20:06:27 INFO  tContextBootstrapper Using TestExecutionListeners: [org.springframework.test.context.support.DirtiesContextBeforeModesTestExecutionListener@5aaaa446, org.springframework.test.context.event.ApplicationEventsTestExecutionListener@6c6333cd, org.springframework.test.context.support.DependencyInjectionTestExecutionListener@3e47a03, org.springframework.test.context.support.DirtiesContextTestExecutionListener@7d9ba6c, org.springframework.test.context.transaction.TransactionalTestExecutionListener@8deb645, org.springframework.test.context.jdbc.SqlScriptsTestExecutionListener@7dd611c8, org.springframework.test.context.event.EventPublishingTestExecutionListener@5d425813]
20:06:27 DEBUG estExecutionListener Before test class: context [DefaultTestContext@1702830d testClass = DaoUserJDBCIT, testInstance = [null], testMethod = [null], testException = [null], mergedContextConfiguration = [MergedContextConfiguration@6a937336 testClass = DaoUserJDBCIT, locations = '{classpath*:test-db.xml, classpath*:test-jdbc-conf.xml}', classes = '{}', contextInitializerClasses = '[]', activeProfiles = '{}', propertySourceLocations = '{}', propertySourceProperties = '{}', contextCustomizers = set[[empty]], contextLoader = 'org.springframework.test.context.support.DelegatingSmartContextLoader', parent = [null]], attributes = map[[empty]]], class annotated with @DirtiesContext [false] with mode [null].
20:06:27 DEBUG ontextLoaderDelegate Retrieved ApplicationContext [758465579] from cache with key [[MergedContextConfiguration@6a937336 testClass = DaoUserJDBCIT, locations = '{classpath*:test-db.xml, classpath*:test-jdbc-conf.xml}', classes = '{}', contextInitializerClasses = '[]', activeProfiles = '{}', propertySourceLocations = '{}', propertySourceProperties = '{}', contextCustomizers = set[[empty]], contextLoader = 'org.springframework.test.context.support.DelegatingSmartContextLoader', parent = [null]]]
20:06:27 DEBUG DefaultContextCache  Spring test ApplicationContext cache statistics: [DefaultContextCache@3f049056 size = 1, maxSize = 32, parentContextCount = 0, hitCount = 9, missCount = 1]
20:06:27 DEBUG ontextLoaderDelegate Retrieved ApplicationContext [758465579] from cache with key [[MergedContextConfiguration@6a937336 testClass = DaoUserJDBCIT, locations = '{classpath*:test-db.xml, classpath*:test-jdbc-conf.xml}', classes = '{}', contextInitializerClasses = '[]', activeProfiles = '{}', propertySourceLocations = '{}', propertySourceProperties = '{}', contextCustomizers = set[[empty]], contextLoader = 'org.springframework.test.context.support.DelegatingSmartContextLoader', parent = [null]]]
20:06:27 DEBUG DefaultContextCache  Spring test ApplicationContext cache statistics: [DefaultContextCache@3f049056 size = 1, maxSize = 32, parentContextCount = 0, hitCount = 10, missCount = 1]
20:06:27 DEBUG estExecutionListener Performing dependency injection for test context [[DefaultTestContext@1702830d testClass = DaoUserJDBCIT, testInstance = com.epam.brest.dao.DaoUserJDBCIT@1a2909ae, testMethod = [null], testException = [null], mergedContextConfiguration = [MergedContextConfiguration@6a937336 testClass = DaoUserJDBCIT, locations = '{classpath*:test-db.xml, classpath*:test-jdbc-conf.xml}', classes = '{}', contextInitializerClasses = '[]', activeProfiles = '{}', propertySourceLocations = '{}', propertySourceProperties = '{}', contextCustomizers = set[[empty]], contextLoader = 'org.springframework.test.context.support.DelegatingSmartContextLoader', parent = [null]], attributes = map['org.springframework.test.context.event.ApplicationEventsTestExecutionListener.recordApplicationEvents' -> false]]].
20:06:27 DEBUG ontextLoaderDelegate Retrieved ApplicationContext [758465579] from cache with key [[MergedContextConfiguration@6a937336 testClass = DaoUserJDBCIT, locations = '{classpath*:test-db.xml, classpath*:test-jdbc-conf.xml}', classes = '{}', contextInitializerClasses = '[]', activeProfiles = '{}', propertySourceLocations = '{}', propertySourceProperties = '{}', contextCustomizers = set[[empty]], contextLoader = 'org.springframework.test.context.support.DelegatingSmartContextLoader', parent = [null]]]
20:06:27 DEBUG DefaultContextCache  Spring test ApplicationContext cache statistics: [DefaultContextCache@3f049056 size = 1, maxSize = 32, parentContextCount = 0, hitCount = 11, missCount = 1]
20:06:27 DEBUG ontextLoaderDelegate Retrieved ApplicationContext [758465579] from cache with key [[MergedContextConfiguration@6a937336 testClass = DaoUserJDBCIT, locations = '{classpath*:test-db.xml, classpath*:test-jdbc-conf.xml}', classes = '{}', contextInitializerClasses = '[]', activeProfiles = '{}', propertySourceLocations = '{}', propertySourceProperties = '{}', contextCustomizers = set[[empty]], contextLoader = 'org.springframework.test.context.support.DelegatingSmartContextLoader', parent = [null]]]
20:06:27 DEBUG DefaultContextCache  Spring test ApplicationContext cache statistics: [DefaultContextCache@3f049056 size = 1, maxSize = 32, parentContextCount = 0, hitCount = 12, missCount = 1]
20:06:27 DEBUG estExecutionListener Before test method: context [DefaultTestContext@1702830d testClass = DaoUserJDBCIT, testInstance = com.epam.brest.dao.DaoUserJDBCIT@1a2909ae, testMethod = insert@DaoUserJDBCIT, testException = [null], mergedContextConfiguration = [MergedContextConfiguration@6a937336 testClass = DaoUserJDBCIT, locations = '{classpath*:test-db.xml, classpath*:test-jdbc-conf.xml}', classes = '{}', contextInitializerClasses = '[]', activeProfiles = '{}', propertySourceLocations = '{}', propertySourceProperties = '{}', contextCustomizers = set[[empty]], contextLoader = 'org.springframework.test.context.support.DelegatingSmartContextLoader', parent = [null]], attributes = map['org.springframework.test.context.event.ApplicationEventsTestExecutionListener.recordApplicationEvents' -> false]], class annotated with @DirtiesContext [false] with mode [null], method annotated with @DirtiesContext [false] with mode [null].
20:06:27 DEBUG estExecutionListener Explicit transaction definition [PROPAGATION_REQUIRED,ISOLATION_DEFAULT] found for test context [DefaultTestContext@1702830d testClass = DaoUserJDBCIT, testInstance = com.epam.brest.dao.DaoUserJDBCIT@1a2909ae, testMethod = insert@DaoUserJDBCIT, testException = [null], mergedContextConfiguration = [MergedContextConfiguration@6a937336 testClass = DaoUserJDBCIT, locations = '{classpath*:test-db.xml, classpath*:test-jdbc-conf.xml}', classes = '{}', contextInitializerClasses = '[]', activeProfiles = '{}', propertySourceLocations = '{}', propertySourceProperties = '{}', contextCustomizers = set[[empty]], contextLoader = 'org.springframework.test.context.support.DelegatingSmartContextLoader', parent = [null]], attributes = map['org.springframework.test.context.event.ApplicationEventsTestExecutionListener.recordApplicationEvents' -> false]]
20:06:27 DEBUG ontextLoaderDelegate Retrieved ApplicationContext [758465579] from cache with key [[MergedContextConfiguration@6a937336 testClass = DaoUserJDBCIT, locations = '{classpath*:test-db.xml, classpath*:test-jdbc-conf.xml}', classes = '{}', contextInitializerClasses = '[]', activeProfiles = '{}', propertySourceLocations = '{}', propertySourceProperties = '{}', contextCustomizers = set[[empty]], contextLoader = 'org.springframework.test.context.support.DelegatingSmartContextLoader', parent = [null]]]
20:06:27 DEBUG DefaultContextCache  Spring test ApplicationContext cache statistics: [DefaultContextCache@3f049056 size = 1, maxSize = 32, parentContextCount = 0, hitCount = 13, missCount = 1]
20:06:27 DEBUG estExecutionListener No method-level @Rollback override: using default rollback [true] for test context [DefaultTestContext@1702830d testClass = DaoUserJDBCIT, testInstance = com.epam.brest.dao.DaoUserJDBCIT@1a2909ae, testMethod = insert@DaoUserJDBCIT, testException = [null], mergedContextConfiguration = [MergedContextConfiguration@6a937336 testClass = DaoUserJDBCIT, locations = '{classpath*:test-db.xml, classpath*:test-jdbc-conf.xml}', classes = '{}', contextInitializerClasses = '[]', activeProfiles = '{}', propertySourceLocations = '{}', propertySourceProperties = '{}', contextCustomizers = set[[empty]], contextLoader = 'org.springframework.test.context.support.DelegatingSmartContextLoader', parent = [null]], attributes = map['org.springframework.test.context.event.ApplicationEventsTestExecutionListener.recordApplicationEvents' -> false]].
20:06:27 DEBUG rmTransactionManager Creating new transaction with name [com.epam.brest.dao.DaoUserJDBCIT.insert]: PROPAGATION_REQUIRED,ISOLATION_DEFAULT
20:06:27 DEBUG verManagerDataSource Creating new JDBC DriverManager Connection to [jdbc:h2:mem:test-db;MODE=MySQL;DB_CLOSE_DELAY=-1]
20:06:27 DEBUG ceTransactionManager Acquired Connection [conn2: url=jdbc:h2:mem:test-db user=SA] for JDBC transaction
20:06:27 DEBUG ceTransactionManager Switching JDBC Connection [conn2: url=jdbc:h2:mem:test-db user=SA] to manual commit
20:06:27 INFO  TransactionContext   Began transaction (1) for test context [DefaultTestContext@1702830d testClass = DaoUserJDBCIT, testInstance = com.epam.brest.dao.DaoUserJDBCIT@1a2909ae, testMethod = insert@DaoUserJDBCIT, testException = [null], mergedContextConfiguration = [MergedContextConfiguration@6a937336 testClass = DaoUserJDBCIT, locations = '{classpath*:test-db.xml, classpath*:test-jdbc-conf.xml}', classes = '{}', contextInitializerClasses = '[]', activeProfiles = '{}', propertySourceLocations = '{}', propertySourceProperties = '{}', contextCustomizers = set[[empty]], contextLoader = 'org.springframework.test.context.support.DelegatingSmartContextLoader', parent = [null]], attributes = map['org.springframework.test.context.event.ApplicationEventsTestExecutionListener.recordApplicationEvents' -> false]]; transaction manager [org.springframework.jdbc.datasource.DataSourceTransactionManager@18acfe88]; rollback [true]
20:06:27 DEBUG ontextLoaderDelegate Retrieved ApplicationContext [758465579] from cache with key [[MergedContextConfiguration@6a937336 testClass = DaoUserJDBCIT, locations = '{classpath*:test-db.xml, classpath*:test-jdbc-conf.xml}', classes = '{}', contextInitializerClasses = '[]', activeProfiles = '{}', propertySourceLocations = '{}', propertySourceProperties = '{}', contextCustomizers = set[[empty]], contextLoader = 'org.springframework.test.context.support.DelegatingSmartContextLoader', parent = [null]]]
20:06:27 DEBUG DefaultContextCache  Spring test ApplicationContext cache statistics: [DefaultContextCache@3f049056 size = 1, maxSize = 32, parentContextCount = 0, hitCount = 14, missCount = 1]
20:06:27 DEBUG ontextLoaderDelegate Retrieved ApplicationContext [758465579] from cache with key [[MergedContextConfiguration@6a937336 testClass = DaoUserJDBCIT, locations = '{classpath*:test-db.xml, classpath*:test-jdbc-conf.xml}', classes = '{}', contextInitializerClasses = '[]', activeProfiles = '{}', propertySourceLocations = '{}', propertySourceProperties = '{}', contextCustomizers = set[[empty]], contextLoader = 'org.springframework.test.context.support.DelegatingSmartContextLoader', parent = [null]]]
20:06:27 DEBUG DefaultContextCache  Spring test ApplicationContext cache statistics: [DefaultContextCache@3f049056 size = 1, maxSize = 32, parentContextCount = 0, hitCount = 15, missCount = 1]
20:06:27 DEBUG DaoUserJDBCIT        Execute test: write()
20:06:27 DEBUG JdbcTemplate         Executing SQL update and returning generated keys
20:06:27 DEBUG JdbcTemplate         Executing prepared SQL statement [insert into user(name,login,password,email) values(?, ?, ?, ?)]
20:06:27 DEBUG JdbcTemplate         Executing prepared SQL query
20:06:27 DEBUG JdbcTemplate         Executing prepared SQL statement [select d.id, d.name, d.login, d.password, d.email from user d order by d.name]
20:06:27 DEBUG ontextLoaderDelegate Retrieved ApplicationContext [758465579] from cache with key [[MergedContextConfiguration@6a937336 testClass = DaoUserJDBCIT, locations = '{classpath*:test-db.xml, classpath*:test-jdbc-conf.xml}', classes = '{}', contextInitializerClasses = '[]', activeProfiles = '{}', propertySourceLocations = '{}', propertySourceProperties = '{}', contextCustomizers = set[[empty]], contextLoader = 'org.springframework.test.context.support.DelegatingSmartContextLoader', parent = [null]]]
20:06:27 DEBUG DefaultContextCache  Spring test ApplicationContext cache statistics: [DefaultContextCache@3f049056 size = 1, maxSize = 32, parentContextCount = 0, hitCount = 16, missCount = 1]
20:06:27 DEBUG ontextLoaderDelegate Retrieved ApplicationContext [758465579] from cache with key [[MergedContextConfiguration@6a937336 testClass = DaoUserJDBCIT, locations = '{classpath*:test-db.xml, classpath*:test-jdbc-conf.xml}', classes = '{}', contextInitializerClasses = '[]', activeProfiles = '{}', propertySourceLocations = '{}', propertySourceProperties = '{}', contextCustomizers = set[[empty]], contextLoader = 'org.springframework.test.context.support.DelegatingSmartContextLoader', parent = [null]]]
20:06:27 DEBUG DefaultContextCache  Spring test ApplicationContext cache statistics: [DefaultContextCache@3f049056 size = 1, maxSize = 32, parentContextCount = 0, hitCount = 17, missCount = 1]
20:06:27 DEBUG rmTransactionManager Initiating transaction rollback
20:06:27 DEBUG ceTransactionManager Rolling back JDBC transaction on Connection [conn2: url=jdbc:h2:mem:test-db user=SA]
20:06:27 DEBUG ceTransactionManager Releasing JDBC Connection [conn2: url=jdbc:h2:mem:test-db user=SA] after transaction
20:06:27 INFO  TransactionContext   Rolled back transaction for test: [DefaultTestContext@1702830d testClass = DaoUserJDBCIT, testInstance = com.epam.brest.dao.DaoUserJDBCIT@1a2909ae, testMethod = insert@DaoUserJDBCIT, testException = [null], mergedContextConfiguration = [MergedContextConfiguration@6a937336 testClass = DaoUserJDBCIT, locations = '{classpath*:test-db.xml, classpath*:test-jdbc-conf.xml}', classes = '{}', contextInitializerClasses = '[]', activeProfiles = '{}', propertySourceLocations = '{}', propertySourceProperties = '{}', contextCustomizers = set[[empty]], contextLoader = 'org.springframework.test.context.support.DelegatingSmartContextLoader', parent = [null]], attributes = map['org.springframework.test.context.event.ApplicationEventsTestExecutionListener.recordApplicationEvents' -> false]]
20:06:27 DEBUG estExecutionListener After test method: context [DefaultTestContext@1702830d testClass = DaoUserJDBCIT, testInstance = com.epam.brest.dao.DaoUserJDBCIT@1a2909ae, testMethod = insert@DaoUserJDBCIT, testException = [null], mergedContextConfiguration = [MergedContextConfiguration@6a937336 testClass = DaoUserJDBCIT, locations = '{classpath*:test-db.xml, classpath*:test-jdbc-conf.xml}', classes = '{}', contextInitializerClasses = '[]', activeProfiles = '{}', propertySourceLocations = '{}', propertySourceProperties = '{}', contextCustomizers = set[[empty]], contextLoader = 'org.springframework.test.context.support.DelegatingSmartContextLoader', parent = [null]], attributes = map['org.springframework.test.context.event.ApplicationEventsTestExecutionListener.recordApplicationEvents' -> false]], class annotated with @DirtiesContext [false] with mode [null], method annotated with @DirtiesContext [false] with mode [null].
]]></system-out>
  </testcase>
  <testcase name="testRead" classname="com.epam.brest.dao.DaoUserJDBCIT" time="0.052">
    <system-out><![CDATA[20:06:27 DEBUG ontextLoaderDelegate Retrieved ApplicationContext [758465579] from cache with key [[MergedContextConfiguration@6a937336 testClass = DaoUserJDBCIT, locations = '{classpath*:test-db.xml, classpath*:test-jdbc-conf.xml}', classes = '{}', contextInitializerClasses = '[]', activeProfiles = '{}', propertySourceLocations = '{}', propertySourceProperties = '{}', contextCustomizers = set[[empty]], contextLoader = 'org.springframework.test.context.support.DelegatingSmartContextLoader', parent = [null]]]
20:06:27 DEBUG DefaultContextCache  Spring test ApplicationContext cache statistics: [DefaultContextCache@3f049056 size = 1, maxSize = 32, parentContextCount = 0, hitCount = 18, missCount = 1]
20:06:27 DEBUG estExecutionListener Performing dependency injection for test context [[DefaultTestContext@1702830d testClass = DaoUserJDBCIT, testInstance = com.epam.brest.dao.DaoUserJDBCIT@245ec1a6, testMethod = [null], testException = [null], mergedContextConfiguration = [MergedContextConfiguration@6a937336 testClass = DaoUserJDBCIT, locations = '{classpath*:test-db.xml, classpath*:test-jdbc-conf.xml}', classes = '{}', contextInitializerClasses = '[]', activeProfiles = '{}', propertySourceLocations = '{}', propertySourceProperties = '{}', contextCustomizers = set[[empty]], contextLoader = 'org.springframework.test.context.support.DelegatingSmartContextLoader', parent = [null]], attributes = map['org.springframework.test.context.event.ApplicationEventsTestExecutionListener.recordApplicationEvents' -> false]]].
20:06:27 DEBUG ontextLoaderDelegate Retrieved ApplicationContext [758465579] from cache with key [[MergedContextConfiguration@6a937336 testClass = DaoUserJDBCIT, locations = '{classpath*:test-db.xml, classpath*:test-jdbc-conf.xml}', classes = '{}', contextInitializerClasses = '[]', activeProfiles = '{}', propertySourceLocations = '{}', propertySourceProperties = '{}', contextCustomizers = set[[empty]], contextLoader = 'org.springframework.test.context.support.DelegatingSmartContextLoader', parent = [null]]]
20:06:27 DEBUG DefaultContextCache  Spring test ApplicationContext cache statistics: [DefaultContextCache@3f049056 size = 1, maxSize = 32, parentContextCount = 0, hitCount = 19, missCount = 1]
20:06:27 DEBUG ontextLoaderDelegate Retrieved ApplicationContext [758465579] from cache with key [[MergedContextConfiguration@6a937336 testClass = DaoUserJDBCIT, locations = '{classpath*:test-db.xml, classpath*:test-jdbc-conf.xml}', classes = '{}', contextInitializerClasses = '[]', activeProfiles = '{}', propertySourceLocations = '{}', propertySourceProperties = '{}', contextCustomizers = set[[empty]], contextLoader = 'org.springframework.test.context.support.DelegatingSmartContextLoader', parent = [null]]]
20:06:27 DEBUG DefaultContextCache  Spring test ApplicationContext cache statistics: [DefaultContextCache@3f049056 size = 1, maxSize = 32, parentContextCount = 0, hitCount = 20, missCount = 1]
20:06:27 DEBUG estExecutionListener Before test method: context [DefaultTestContext@1702830d testClass = DaoUserJDBCIT, testInstance = com.epam.brest.dao.DaoUserJDBCIT@245ec1a6, testMethod = testRead@DaoUserJDBCIT, testException = [null], mergedContextConfiguration = [MergedContextConfiguration@6a937336 testClass = DaoUserJDBCIT, locations = '{classpath*:test-db.xml, classpath*:test-jdbc-conf.xml}', classes = '{}', contextInitializerClasses = '[]', activeProfiles = '{}', propertySourceLocations = '{}', propertySourceProperties = '{}', contextCustomizers = set[[empty]], contextLoader = 'org.springframework.test.context.support.DelegatingSmartContextLoader', parent = [null]], attributes = map['org.springframework.test.context.event.ApplicationEventsTestExecutionListener.recordApplicationEvents' -> false]], class annotated with @DirtiesContext [false] with mode [null], method annotated with @DirtiesContext [false] with mode [null].
20:06:27 DEBUG estExecutionListener Explicit transaction definition [PROPAGATION_REQUIRED,ISOLATION_DEFAULT] found for test context [DefaultTestContext@1702830d testClass = DaoUserJDBCIT, testInstance = com.epam.brest.dao.DaoUserJDBCIT@245ec1a6, testMethod = testRead@DaoUserJDBCIT, testException = [null], mergedContextConfiguration = [MergedContextConfiguration@6a937336 testClass = DaoUserJDBCIT, locations = '{classpath*:test-db.xml, classpath*:test-jdbc-conf.xml}', classes = '{}', contextInitializerClasses = '[]', activeProfiles = '{}', propertySourceLocations = '{}', propertySourceProperties = '{}', contextCustomizers = set[[empty]], contextLoader = 'org.springframework.test.context.support.DelegatingSmartContextLoader', parent = [null]], attributes = map['org.springframework.test.context.event.ApplicationEventsTestExecutionListener.recordApplicationEvents' -> false]]
20:06:27 DEBUG ontextLoaderDelegate Retrieved ApplicationContext [758465579] from cache with key [[MergedContextConfiguration@6a937336 testClass = DaoUserJDBCIT, locations = '{classpath*:test-db.xml, classpath*:test-jdbc-conf.xml}', classes = '{}', contextInitializerClasses = '[]', activeProfiles = '{}', propertySourceLocations = '{}', propertySourceProperties = '{}', contextCustomizers = set[[empty]], contextLoader = 'org.springframework.test.context.support.DelegatingSmartContextLoader', parent = [null]]]
20:06:27 DEBUG DefaultContextCache  Spring test ApplicationContext cache statistics: [DefaultContextCache@3f049056 size = 1, maxSize = 32, parentContextCount = 0, hitCount = 21, missCount = 1]
20:06:27 DEBUG estExecutionListener No method-level @Rollback override: using default rollback [true] for test context [DefaultTestContext@1702830d testClass = DaoUserJDBCIT, testInstance = com.epam.brest.dao.DaoUserJDBCIT@245ec1a6, testMethod = testRead@DaoUserJDBCIT, testException = [null], mergedContextConfiguration = [MergedContextConfiguration@6a937336 testClass = DaoUserJDBCIT, locations = '{classpath*:test-db.xml, classpath*:test-jdbc-conf.xml}', classes = '{}', contextInitializerClasses = '[]', activeProfiles = '{}', propertySourceLocations = '{}', propertySourceProperties = '{}', contextCustomizers = set[[empty]], contextLoader = 'org.springframework.test.context.support.DelegatingSmartContextLoader', parent = [null]], attributes = map['org.springframework.test.context.event.ApplicationEventsTestExecutionListener.recordApplicationEvents' -> false]].
20:06:27 DEBUG rmTransactionManager Creating new transaction with name [com.epam.brest.dao.DaoUserJDBCIT.testRead]: PROPAGATION_REQUIRED,ISOLATION_DEFAULT
20:06:27 DEBUG verManagerDataSource Creating new JDBC DriverManager Connection to [jdbc:h2:mem:test-db;MODE=MySQL;DB_CLOSE_DELAY=-1]
20:06:27 DEBUG ceTransactionManager Acquired Connection [conn3: url=jdbc:h2:mem:test-db user=SA] for JDBC transaction
20:06:27 DEBUG ceTransactionManager Switching JDBC Connection [conn3: url=jdbc:h2:mem:test-db user=SA] to manual commit
20:06:27 INFO  TransactionContext   Began transaction (1) for test context [DefaultTestContext@1702830d testClass = DaoUserJDBCIT, testInstance = com.epam.brest.dao.DaoUserJDBCIT@245ec1a6, testMethod = testRead@DaoUserJDBCIT, testException = [null], mergedContextConfiguration = [MergedContextConfiguration@6a937336 testClass = DaoUserJDBCIT, locations = '{classpath*:test-db.xml, classpath*:test-jdbc-conf.xml}', classes = '{}', contextInitializerClasses = '[]', activeProfiles = '{}', propertySourceLocations = '{}', propertySourceProperties = '{}', contextCustomizers = set[[empty]], contextLoader = 'org.springframework.test.context.support.DelegatingSmartContextLoader', parent = [null]], attributes = map['org.springframework.test.context.event.ApplicationEventsTestExecutionListener.recordApplicationEvents' -> false]]; transaction manager [org.springframework.jdbc.datasource.DataSourceTransactionManager@18acfe88]; rollback [true]
20:06:27 DEBUG ontextLoaderDelegate Retrieved ApplicationContext [758465579] from cache with key [[MergedContextConfiguration@6a937336 testClass = DaoUserJDBCIT, locations = '{classpath*:test-db.xml, classpath*:test-jdbc-conf.xml}', classes = '{}', contextInitializerClasses = '[]', activeProfiles = '{}', propertySourceLocations = '{}', propertySourceProperties = '{}', contextCustomizers = set[[empty]], contextLoader = 'org.springframework.test.context.support.DelegatingSmartContextLoader', parent = [null]]]
20:06:27 DEBUG DefaultContextCache  Spring test ApplicationContext cache statistics: [DefaultContextCache@3f049056 size = 1, maxSize = 32, parentContextCount = 0, hitCount = 22, missCount = 1]
20:06:27 DEBUG ontextLoaderDelegate Retrieved ApplicationContext [758465579] from cache with key [[MergedContextConfiguration@6a937336 testClass = DaoUserJDBCIT, locations = '{classpath*:test-db.xml, classpath*:test-jdbc-conf.xml}', classes = '{}', contextInitializerClasses = '[]', activeProfiles = '{}', propertySourceLocations = '{}', propertySourceProperties = '{}', contextCustomizers = set[[empty]], contextLoader = 'org.springframework.test.context.support.DelegatingSmartContextLoader', parent = [null]]]
20:06:27 DEBUG DefaultContextCache  Spring test ApplicationContext cache statistics: [DefaultContextCache@3f049056 size = 1, maxSize = 32, parentContextCount = 0, hitCount = 23, missCount = 1]
20:06:27 DEBUG DaoUserJDBCIT        Execute test: read({id})
20:06:27 DEBUG JdbcTemplate         Executing prepared SQL query
20:06:27 DEBUG JdbcTemplate         Executing prepared SQL statement [select d.id, d.name, d.login, d.password, d.email from user d order by d.name]
20:06:27 DEBUG JdbcTemplate         Executing prepared SQL query
20:06:27 DEBUG JdbcTemplate         Executing prepared SQL statement [select d.id, d.name, d.login, d.password, d.email from user d where id=?]
20:06:27 DEBUG ontextLoaderDelegate Retrieved ApplicationContext [758465579] from cache with key [[MergedContextConfiguration@6a937336 testClass = DaoUserJDBCIT, locations = '{classpath*:test-db.xml, classpath*:test-jdbc-conf.xml}', classes = '{}', contextInitializerClasses = '[]', activeProfiles = '{}', propertySourceLocations = '{}', propertySourceProperties = '{}', contextCustomizers = set[[empty]], contextLoader = 'org.springframework.test.context.support.DelegatingSmartContextLoader', parent = [null]]]
20:06:27 DEBUG DefaultContextCache  Spring test ApplicationContext cache statistics: [DefaultContextCache@3f049056 size = 1, maxSize = 32, parentContextCount = 0, hitCount = 24, missCount = 1]
20:06:27 DEBUG ontextLoaderDelegate Retrieved ApplicationContext [758465579] from cache with key [[MergedContextConfiguration@6a937336 testClass = DaoUserJDBCIT, locations = '{classpath*:test-db.xml, classpath*:test-jdbc-conf.xml}', classes = '{}', contextInitializerClasses = '[]', activeProfiles = '{}', propertySourceLocations = '{}', propertySourceProperties = '{}', contextCustomizers = set[[empty]], contextLoader = 'org.springframework.test.context.support.DelegatingSmartContextLoader', parent = [null]]]
20:06:27 DEBUG DefaultContextCache  Spring test ApplicationContext cache statistics: [DefaultContextCache@3f049056 size = 1, maxSize = 32, parentContextCount = 0, hitCount = 25, missCount = 1]
20:06:27 DEBUG rmTransactionManager Initiating transaction rollback
20:06:27 DEBUG ceTransactionManager Rolling back JDBC transaction on Connection [conn3: url=jdbc:h2:mem:test-db user=SA]
20:06:27 DEBUG ceTransactionManager Releasing JDBC Connection [conn3: url=jdbc:h2:mem:test-db user=SA] after transaction
20:06:27 INFO  TransactionContext   Rolled back transaction for test: [DefaultTestContext@1702830d testClass = DaoUserJDBCIT, testInstance = com.epam.brest.dao.DaoUserJDBCIT@245ec1a6, testMethod = testRead@DaoUserJDBCIT, testException = [null], mergedContextConfiguration = [MergedContextConfiguration@6a937336 testClass = DaoUserJDBCIT, locations = '{classpath*:test-db.xml, classpath*:test-jdbc-conf.xml}', classes = '{}', contextInitializerClasses = '[]', activeProfiles = '{}', propertySourceLocations = '{}', propertySourceProperties = '{}', contextCustomizers = set[[empty]], contextLoader = 'org.springframework.test.context.support.DelegatingSmartContextLoader', parent = [null]], attributes = map['org.springframework.test.context.event.ApplicationEventsTestExecutionListener.recordApplicationEvents' -> false]]
20:06:27 DEBUG estExecutionListener After test method: context [DefaultTestContext@1702830d testClass = DaoUserJDBCIT, testInstance = com.epam.brest.dao.DaoUserJDBCIT@245ec1a6, testMethod = testRead@DaoUserJDBCIT, testException = [null], mergedContextConfiguration = [MergedContextConfiguration@6a937336 testClass = DaoUserJDBCIT, locations = '{classpath*:test-db.xml, classpath*:test-jdbc-conf.xml}', classes = '{}', contextInitializerClasses = '[]', activeProfiles = '{}', propertySourceLocations = '{}', propertySourceProperties = '{}', contextCustomizers = set[[empty]], contextLoader = 'org.springframework.test.context.support.DelegatingSmartContextLoader', parent = [null]], attributes = map['org.springframework.test.context.event.ApplicationEventsTestExecutionListener.recordApplicationEvents' -> false]], class annotated with @DirtiesContext [false] with mode [null], method annotated with @DirtiesContext [false] with mode [null].
]]></system-out>
  </testcase>
  <testcase name="findAll" classname="com.epam.brest.dao.DaoUserJDBCIT" time="0.024">
    <system-out><![CDATA[20:06:27 DEBUG ontextLoaderDelegate Retrieved ApplicationContext [758465579] from cache with key [[MergedContextConfiguration@6a937336 testClass = DaoUserJDBCIT, locations = '{classpath*:test-db.xml, classpath*:test-jdbc-conf.xml}', classes = '{}', contextInitializerClasses = '[]', activeProfiles = '{}', propertySourceLocations = '{}', propertySourceProperties = '{}', contextCustomizers = set[[empty]], contextLoader = 'org.springframework.test.context.support.DelegatingSmartContextLoader', parent = [null]]]
20:06:27 DEBUG DefaultContextCache  Spring test ApplicationContext cache statistics: [DefaultContextCache@3f049056 size = 1, maxSize = 32, parentContextCount = 0, hitCount = 26, missCount = 1]
20:06:27 DEBUG estExecutionListener Performing dependency injection for test context [[DefaultTestContext@1702830d testClass = DaoUserJDBCIT, testInstance = com.epam.brest.dao.DaoUserJDBCIT@6a0094c9, testMethod = [null], testException = [null], mergedContextConfiguration = [MergedContextConfiguration@6a937336 testClass = DaoUserJDBCIT, locations = '{classpath*:test-db.xml, classpath*:test-jdbc-conf.xml}', classes = '{}', contextInitializerClasses = '[]', activeProfiles = '{}', propertySourceLocations = '{}', propertySourceProperties = '{}', contextCustomizers = set[[empty]], contextLoader = 'org.springframework.test.context.support.DelegatingSmartContextLoader', parent = [null]], attributes = map['org.springframework.test.context.event.ApplicationEventsTestExecutionListener.recordApplicationEvents' -> false]]].
20:06:27 DEBUG ontextLoaderDelegate Retrieved ApplicationContext [758465579] from cache with key [[MergedContextConfiguration@6a937336 testClass = DaoUserJDBCIT, locations = '{classpath*:test-db.xml, classpath*:test-jdbc-conf.xml}', classes = '{}', contextInitializerClasses = '[]', activeProfiles = '{}', propertySourceLocations = '{}', propertySourceProperties = '{}', contextCustomizers = set[[empty]], contextLoader = 'org.springframework.test.context.support.DelegatingSmartContextLoader', parent = [null]]]
20:06:27 DEBUG DefaultContextCache  Spring test ApplicationContext cache statistics: [DefaultContextCache@3f049056 size = 1, maxSize = 32, parentContextCount = 0, hitCount = 27, missCount = 1]
20:06:27 DEBUG ontextLoaderDelegate Retrieved ApplicationContext [758465579] from cache with key [[MergedContextConfiguration@6a937336 testClass = DaoUserJDBCIT, locations = '{classpath*:test-db.xml, classpath*:test-jdbc-conf.xml}', classes = '{}', contextInitializerClasses = '[]', activeProfiles = '{}', propertySourceLocations = '{}', propertySourceProperties = '{}', contextCustomizers = set[[empty]], contextLoader = 'org.springframework.test.context.support.DelegatingSmartContextLoader', parent = [null]]]
20:06:27 DEBUG DefaultContextCache  Spring test ApplicationContext cache statistics: [DefaultContextCache@3f049056 size = 1, maxSize = 32, parentContextCount = 0, hitCount = 28, missCount = 1]
20:06:27 DEBUG estExecutionListener Before test method: context [DefaultTestContext@1702830d testClass = DaoUserJDBCIT, testInstance = com.epam.brest.dao.DaoUserJDBCIT@6a0094c9, testMethod = findAll@DaoUserJDBCIT, testException = [null], mergedContextConfiguration = [MergedContextConfiguration@6a937336 testClass = DaoUserJDBCIT, locations = '{classpath*:test-db.xml, classpath*:test-jdbc-conf.xml}', classes = '{}', contextInitializerClasses = '[]', activeProfiles = '{}', propertySourceLocations = '{}', propertySourceProperties = '{}', contextCustomizers = set[[empty]], contextLoader = 'org.springframework.test.context.support.DelegatingSmartContextLoader', parent = [null]], attributes = map['org.springframework.test.context.event.ApplicationEventsTestExecutionListener.recordApplicationEvents' -> false]], class annotated with @DirtiesContext [false] with mode [null], method annotated with @DirtiesContext [false] with mode [null].
20:06:27 DEBUG estExecutionListener Explicit transaction definition [PROPAGATION_REQUIRED,ISOLATION_DEFAULT] found for test context [DefaultTestContext@1702830d testClass = DaoUserJDBCIT, testInstance = com.epam.brest.dao.DaoUserJDBCIT@6a0094c9, testMethod = findAll@DaoUserJDBCIT, testException = [null], mergedContextConfiguration = [MergedContextConfiguration@6a937336 testClass = DaoUserJDBCIT, locations = '{classpath*:test-db.xml, classpath*:test-jdbc-conf.xml}', classes = '{}', contextInitializerClasses = '[]', activeProfiles = '{}', propertySourceLocations = '{}', propertySourceProperties = '{}', contextCustomizers = set[[empty]], contextLoader = 'org.springframework.test.context.support.DelegatingSmartContextLoader', parent = [null]], attributes = map['org.springframework.test.context.event.ApplicationEventsTestExecutionListener.recordApplicationEvents' -> false]]
20:06:27 DEBUG ontextLoaderDelegate Retrieved ApplicationContext [758465579] from cache with key [[MergedContextConfiguration@6a937336 testClass = DaoUserJDBCIT, locations = '{classpath*:test-db.xml, classpath*:test-jdbc-conf.xml}', classes = '{}', contextInitializerClasses = '[]', activeProfiles = '{}', propertySourceLocations = '{}', propertySourceProperties = '{}', contextCustomizers = set[[empty]], contextLoader = 'org.springframework.test.context.support.DelegatingSmartContextLoader', parent = [null]]]
20:06:27 DEBUG DefaultContextCache  Spring test ApplicationContext cache statistics: [DefaultContextCache@3f049056 size = 1, maxSize = 32, parentContextCount = 0, hitCount = 29, missCount = 1]
20:06:27 DEBUG estExecutionListener No method-level @Rollback override: using default rollback [true] for test context [DefaultTestContext@1702830d testClass = DaoUserJDBCIT, testInstance = com.epam.brest.dao.DaoUserJDBCIT@6a0094c9, testMethod = findAll@DaoUserJDBCIT, testException = [null], mergedContextConfiguration = [MergedContextConfiguration@6a937336 testClass = DaoUserJDBCIT, locations = '{classpath*:test-db.xml, classpath*:test-jdbc-conf.xml}', classes = '{}', contextInitializerClasses = '[]', activeProfiles = '{}', propertySourceLocations = '{}', propertySourceProperties = '{}', contextCustomizers = set[[empty]], contextLoader = 'org.springframework.test.context.support.DelegatingSmartContextLoader', parent = [null]], attributes = map['org.springframework.test.context.event.ApplicationEventsTestExecutionListener.recordApplicationEvents' -> false]].
20:06:27 DEBUG rmTransactionManager Creating new transaction with name [com.epam.brest.dao.DaoUserJDBCIT.findAll]: PROPAGATION_REQUIRED,ISOLATION_DEFAULT
20:06:27 DEBUG verManagerDataSource Creating new JDBC DriverManager Connection to [jdbc:h2:mem:test-db;MODE=MySQL;DB_CLOSE_DELAY=-1]
20:06:27 DEBUG ceTransactionManager Acquired Connection [conn4: url=jdbc:h2:mem:test-db user=SA] for JDBC transaction
20:06:27 DEBUG ceTransactionManager Switching JDBC Connection [conn4: url=jdbc:h2:mem:test-db user=SA] to manual commit
20:06:27 INFO  TransactionContext   Began transaction (1) for test context [DefaultTestContext@1702830d testClass = DaoUserJDBCIT, testInstance = com.epam.brest.dao.DaoUserJDBCIT@6a0094c9, testMethod = findAll@DaoUserJDBCIT, testException = [null], mergedContextConfiguration = [MergedContextConfiguration@6a937336 testClass = DaoUserJDBCIT, locations = '{classpath*:test-db.xml, classpath*:test-jdbc-conf.xml}', classes = '{}', contextInitializerClasses = '[]', activeProfiles = '{}', propertySourceLocations = '{}', propertySourceProperties = '{}', contextCustomizers = set[[empty]], contextLoader = 'org.springframework.test.context.support.DelegatingSmartContextLoader', parent = [null]], attributes = map['org.springframework.test.context.event.ApplicationEventsTestExecutionListener.recordApplicationEvents' -> false]]; transaction manager [org.springframework.jdbc.datasource.DataSourceTransactionManager@18acfe88]; rollback [true]
20:06:27 DEBUG ontextLoaderDelegate Retrieved ApplicationContext [758465579] from cache with key [[MergedContextConfiguration@6a937336 testClass = DaoUserJDBCIT, locations = '{classpath*:test-db.xml, classpath*:test-jdbc-conf.xml}', classes = '{}', contextInitializerClasses = '[]', activeProfiles = '{}', propertySourceLocations = '{}', propertySourceProperties = '{}', contextCustomizers = set[[empty]], contextLoader = 'org.springframework.test.context.support.DelegatingSmartContextLoader', parent = [null]]]
20:06:27 DEBUG DefaultContextCache  Spring test ApplicationContext cache statistics: [DefaultContextCache@3f049056 size = 1, maxSize = 32, parentContextCount = 0, hitCount = 30, missCount = 1]
20:06:27 DEBUG ontextLoaderDelegate Retrieved ApplicationContext [758465579] from cache with key [[MergedContextConfiguration@6a937336 testClass = DaoUserJDBCIT, locations = '{classpath*:test-db.xml, classpath*:test-jdbc-conf.xml}', classes = '{}', contextInitializerClasses = '[]', activeProfiles = '{}', propertySourceLocations = '{}', propertySourceProperties = '{}', contextCustomizers = set[[empty]], contextLoader = 'org.springframework.test.context.support.DelegatingSmartContextLoader', parent = [null]]]
20:06:27 DEBUG DefaultContextCache  Spring test ApplicationContext cache statistics: [DefaultContextCache@3f049056 size = 1, maxSize = 32, parentContextCount = 0, hitCount = 31, missCount = 1]
20:06:27 DEBUG DaoUserJDBCIT        Execute test: getAll()
20:06:27 DEBUG JdbcTemplate         Executing prepared SQL query
20:06:27 DEBUG JdbcTemplate         Executing prepared SQL statement [select d.id, d.name, d.login, d.password, d.email from user d order by d.name]
20:06:27 DEBUG JdbcTemplate         Executing prepared SQL query
20:06:27 DEBUG JdbcTemplate         Executing prepared SQL statement [select d.id, d.name, d.login, d.password, d.email from user d order by d.name]
20:06:27 DEBUG ontextLoaderDelegate Retrieved ApplicationContext [758465579] from cache with key [[MergedContextConfiguration@6a937336 testClass = DaoUserJDBCIT, locations = '{classpath*:test-db.xml, classpath*:test-jdbc-conf.xml}', classes = '{}', contextInitializerClasses = '[]', activeProfiles = '{}', propertySourceLocations = '{}', propertySourceProperties = '{}', contextCustomizers = set[[empty]], contextLoader = 'org.springframework.test.context.support.DelegatingSmartContextLoader', parent = [null]]]
20:06:27 DEBUG DefaultContextCache  Spring test ApplicationContext cache statistics: [DefaultContextCache@3f049056 size = 1, maxSize = 32, parentContextCount = 0, hitCount = 32, missCount = 1]
20:06:27 DEBUG ontextLoaderDelegate Retrieved ApplicationContext [758465579] from cache with key [[MergedContextConfiguration@6a937336 testClass = DaoUserJDBCIT, locations = '{classpath*:test-db.xml, classpath*:test-jdbc-conf.xml}', classes = '{}', contextInitializerClasses = '[]', activeProfiles = '{}', propertySourceLocations = '{}', propertySourceProperties = '{}', contextCustomizers = set[[empty]], contextLoader = 'org.springframework.test.context.support.DelegatingSmartContextLoader', parent = [null]]]
20:06:27 DEBUG DefaultContextCache  Spring test ApplicationContext cache statistics: [DefaultContextCache@3f049056 size = 1, maxSize = 32, parentContextCount = 0, hitCount = 33, missCount = 1]
20:06:27 DEBUG rmTransactionManager Initiating transaction rollback
20:06:27 DEBUG ceTransactionManager Rolling back JDBC transaction on Connection [conn4: url=jdbc:h2:mem:test-db user=SA]
20:06:27 DEBUG ceTransactionManager Releasing JDBC Connection [conn4: url=jdbc:h2:mem:test-db user=SA] after transaction
20:06:27 INFO  TransactionContext   Rolled back transaction for test: [DefaultTestContext@1702830d testClass = DaoUserJDBCIT, testInstance = com.epam.brest.dao.DaoUserJDBCIT@6a0094c9, testMethod = findAll@DaoUserJDBCIT, testException = [null], mergedContextConfiguration = [MergedContextConfiguration@6a937336 testClass = DaoUserJDBCIT, locations = '{classpath*:test-db.xml, classpath*:test-jdbc-conf.xml}', classes = '{}', contextInitializerClasses = '[]', activeProfiles = '{}', propertySourceLocations = '{}', propertySourceProperties = '{}', contextCustomizers = set[[empty]], contextLoader = 'org.springframework.test.context.support.DelegatingSmartContextLoader', parent = [null]], attributes = map['org.springframework.test.context.event.ApplicationEventsTestExecutionListener.recordApplicationEvents' -> false]]
20:06:27 DEBUG estExecutionListener After test method: context [DefaultTestContext@1702830d testClass = DaoUserJDBCIT, testInstance = com.epam.brest.dao.DaoUserJDBCIT@6a0094c9, testMethod = findAll@DaoUserJDBCIT, testException = [null], mergedContextConfiguration = [MergedContextConfiguration@6a937336 testClass = DaoUserJDBCIT, locations = '{classpath*:test-db.xml, classpath*:test-jdbc-conf.xml}', classes = '{}', contextInitializerClasses = '[]', activeProfiles = '{}', propertySourceLocations = '{}', propertySourceProperties = '{}', contextCustomizers = set[[empty]], contextLoader = 'org.springframework.test.context.support.DelegatingSmartContextLoader', parent = [null]], attributes = map['org.springframework.test.context.event.ApplicationEventsTestExecutionListener.recordApplicationEvents' -> false]], class annotated with @DirtiesContext [false] with mode [null], method annotated with @DirtiesContext [false] with mode [null].
]]></system-out>
  </testcase>
  <testcase name="testChange" classname="com.epam.brest.dao.DaoUserJDBCIT" time="0.053">
    <system-out><![CDATA[20:06:27 DEBUG ontextLoaderDelegate Retrieved ApplicationContext [758465579] from cache with key [[MergedContextConfiguration@6a937336 testClass = DaoUserJDBCIT, locations = '{classpath*:test-db.xml, classpath*:test-jdbc-conf.xml}', classes = '{}', contextInitializerClasses = '[]', activeProfiles = '{}', propertySourceLocations = '{}', propertySourceProperties = '{}', contextCustomizers = set[[empty]], contextLoader = 'org.springframework.test.context.support.DelegatingSmartContextLoader', parent = [null]]]
20:06:27 DEBUG DefaultContextCache  Spring test ApplicationContext cache statistics: [DefaultContextCache@3f049056 size = 1, maxSize = 32, parentContextCount = 0, hitCount = 34, missCount = 1]
20:06:27 DEBUG estExecutionListener Performing dependency injection for test context [[DefaultTestContext@1702830d testClass = DaoUserJDBCIT, testInstance = com.epam.brest.dao.DaoUserJDBCIT@2123064f, testMethod = [null], testException = [null], mergedContextConfiguration = [MergedContextConfiguration@6a937336 testClass = DaoUserJDBCIT, locations = '{classpath*:test-db.xml, classpath*:test-jdbc-conf.xml}', classes = '{}', contextInitializerClasses = '[]', activeProfiles = '{}', propertySourceLocations = '{}', propertySourceProperties = '{}', contextCustomizers = set[[empty]], contextLoader = 'org.springframework.test.context.support.DelegatingSmartContextLoader', parent = [null]], attributes = map['org.springframework.test.context.event.ApplicationEventsTestExecutionListener.recordApplicationEvents' -> false]]].
20:06:27 DEBUG ontextLoaderDelegate Retrieved ApplicationContext [758465579] from cache with key [[MergedContextConfiguration@6a937336 testClass = DaoUserJDBCIT, locations = '{classpath*:test-db.xml, classpath*:test-jdbc-conf.xml}', classes = '{}', contextInitializerClasses = '[]', activeProfiles = '{}', propertySourceLocations = '{}', propertySourceProperties = '{}', contextCustomizers = set[[empty]], contextLoader = 'org.springframework.test.context.support.DelegatingSmartContextLoader', parent = [null]]]
20:06:27 DEBUG DefaultContextCache  Spring test ApplicationContext cache statistics: [DefaultContextCache@3f049056 size = 1, maxSize = 32, parentContextCount = 0, hitCount = 35, missCount = 1]
20:06:27 DEBUG ontextLoaderDelegate Retrieved ApplicationContext [758465579] from cache with key [[MergedContextConfiguration@6a937336 testClass = DaoUserJDBCIT, locations = '{classpath*:test-db.xml, classpath*:test-jdbc-conf.xml}', classes = '{}', contextInitializerClasses = '[]', activeProfiles = '{}', propertySourceLocations = '{}', propertySourceProperties = '{}', contextCustomizers = set[[empty]], contextLoader = 'org.springframework.test.context.support.DelegatingSmartContextLoader', parent = [null]]]
20:06:27 DEBUG DefaultContextCache  Spring test ApplicationContext cache statistics: [DefaultContextCache@3f049056 size = 1, maxSize = 32, parentContextCount = 0, hitCount = 36, missCount = 1]
20:06:27 DEBUG estExecutionListener Before test method: context [DefaultTestContext@1702830d testClass = DaoUserJDBCIT, testInstance = com.epam.brest.dao.DaoUserJDBCIT@2123064f, testMethod = testChange@DaoUserJDBCIT, testException = [null], mergedContextConfiguration = [MergedContextConfiguration@6a937336 testClass = DaoUserJDBCIT, locations = '{classpath*:test-db.xml, classpath*:test-jdbc-conf.xml}', classes = '{}', contextInitializerClasses = '[]', activeProfiles = '{}', propertySourceLocations = '{}', propertySourceProperties = '{}', contextCustomizers = set[[empty]], contextLoader = 'org.springframework.test.context.support.DelegatingSmartContextLoader', parent = [null]], attributes = map['org.springframework.test.context.event.ApplicationEventsTestExecutionListener.recordApplicationEvents' -> false]], class annotated with @DirtiesContext [false] with mode [null], method annotated with @DirtiesContext [false] with mode [null].
20:06:27 DEBUG estExecutionListener Explicit transaction definition [PROPAGATION_REQUIRED,ISOLATION_DEFAULT] found for test context [DefaultTestContext@1702830d testClass = DaoUserJDBCIT, testInstance = com.epam.brest.dao.DaoUserJDBCIT@2123064f, testMethod = testChange@DaoUserJDBCIT, testException = [null], mergedContextConfiguration = [MergedContextConfiguration@6a937336 testClass = DaoUserJDBCIT, locations = '{classpath*:test-db.xml, classpath*:test-jdbc-conf.xml}', classes = '{}', contextInitializerClasses = '[]', activeProfiles = '{}', propertySourceLocations = '{}', propertySourceProperties = '{}', contextCustomizers = set[[empty]], contextLoader = 'org.springframework.test.context.support.DelegatingSmartContextLoader', parent = [null]], attributes = map['org.springframework.test.context.event.ApplicationEventsTestExecutionListener.recordApplicationEvents' -> false]]
20:06:27 DEBUG ontextLoaderDelegate Retrieved ApplicationContext [758465579] from cache with key [[MergedContextConfiguration@6a937336 testClass = DaoUserJDBCIT, locations = '{classpath*:test-db.xml, classpath*:test-jdbc-conf.xml}', classes = '{}', contextInitializerClasses = '[]', activeProfiles = '{}', propertySourceLocations = '{}', propertySourceProperties = '{}', contextCustomizers = set[[empty]], contextLoader = 'org.springframework.test.context.support.DelegatingSmartContextLoader', parent = [null]]]
20:06:27 DEBUG DefaultContextCache  Spring test ApplicationContext cache statistics: [DefaultContextCache@3f049056 size = 1, maxSize = 32, parentContextCount = 0, hitCount = 37, missCount = 1]
20:06:27 DEBUG estExecutionListener No method-level @Rollback override: using default rollback [true] for test context [DefaultTestContext@1702830d testClass = DaoUserJDBCIT, testInstance = com.epam.brest.dao.DaoUserJDBCIT@2123064f, testMethod = testChange@DaoUserJDBCIT, testException = [null], mergedContextConfiguration = [MergedContextConfiguration@6a937336 testClass = DaoUserJDBCIT, locations = '{classpath*:test-db.xml, classpath*:test-jdbc-conf.xml}', classes = '{}', contextInitializerClasses = '[]', activeProfiles = '{}', propertySourceLocations = '{}', propertySourceProperties = '{}', contextCustomizers = set[[empty]], contextLoader = 'org.springframework.test.context.support.DelegatingSmartContextLoader', parent = [null]], attributes = map['org.springframework.test.context.event.ApplicationEventsTestExecutionListener.recordApplicationEvents' -> false]].
20:06:27 DEBUG rmTransactionManager Creating new transaction with name [com.epam.brest.dao.DaoUserJDBCIT.testChange]: PROPAGATION_REQUIRED,ISOLATION_DEFAULT
20:06:27 DEBUG verManagerDataSource Creating new JDBC DriverManager Connection to [jdbc:h2:mem:test-db;MODE=MySQL;DB_CLOSE_DELAY=-1]
20:06:27 DEBUG ceTransactionManager Acquired Connection [conn5: url=jdbc:h2:mem:test-db user=SA] for JDBC transaction
20:06:27 DEBUG ceTransactionManager Switching JDBC Connection [conn5: url=jdbc:h2:mem:test-db user=SA] to manual commit
20:06:27 INFO  TransactionContext   Began transaction (1) for test context [DefaultTestContext@1702830d testClass = DaoUserJDBCIT, testInstance = com.epam.brest.dao.DaoUserJDBCIT@2123064f, testMethod = testChange@DaoUserJDBCIT, testException = [null], mergedContextConfiguration = [MergedContextConfiguration@6a937336 testClass = DaoUserJDBCIT, locations = '{classpath*:test-db.xml, classpath*:test-jdbc-conf.xml}', classes = '{}', contextInitializerClasses = '[]', activeProfiles = '{}', propertySourceLocations = '{}', propertySourceProperties = '{}', contextCustomizers = set[[empty]], contextLoader = 'org.springframework.test.context.support.DelegatingSmartContextLoader', parent = [null]], attributes = map['org.springframework.test.context.event.ApplicationEventsTestExecutionListener.recordApplicationEvents' -> false]]; transaction manager [org.springframework.jdbc.datasource.DataSourceTransactionManager@18acfe88]; rollback [true]
20:06:27 DEBUG ontextLoaderDelegate Retrieved ApplicationContext [758465579] from cache with key [[MergedContextConfiguration@6a937336 testClass = DaoUserJDBCIT, locations = '{classpath*:test-db.xml, classpath*:test-jdbc-conf.xml}', classes = '{}', contextInitializerClasses = '[]', activeProfiles = '{}', propertySourceLocations = '{}', propertySourceProperties = '{}', contextCustomizers = set[[empty]], contextLoader = 'org.springframework.test.context.support.DelegatingSmartContextLoader', parent = [null]]]
20:06:27 DEBUG DefaultContextCache  Spring test ApplicationContext cache statistics: [DefaultContextCache@3f049056 size = 1, maxSize = 32, parentContextCount = 0, hitCount = 38, missCount = 1]
20:06:27 DEBUG ontextLoaderDelegate Retrieved ApplicationContext [758465579] from cache with key [[MergedContextConfiguration@6a937336 testClass = DaoUserJDBCIT, locations = '{classpath*:test-db.xml, classpath*:test-jdbc-conf.xml}', classes = '{}', contextInitializerClasses = '[]', activeProfiles = '{}', propertySourceLocations = '{}', propertySourceProperties = '{}', contextCustomizers = set[[empty]], contextLoader = 'org.springframework.test.context.support.DelegatingSmartContextLoader', parent = [null]]]
20:06:27 DEBUG DefaultContextCache  Spring test ApplicationContext cache statistics: [DefaultContextCache@3f049056 size = 1, maxSize = 32, parentContextCount = 0, hitCount = 39, missCount = 1]
20:06:27 DEBUG DaoUserJDBCIT        Execute test: update()
20:06:27 DEBUG JdbcTemplate         Executing SQL update and returning generated keys
20:06:27 DEBUG JdbcTemplate         Executing prepared SQL statement [update user set name=?, login=?, password=?, email=? where id=?]
20:06:27 DEBUG JdbcTemplate         Executing prepared SQL query
20:06:27 DEBUG JdbcTemplate         Executing prepared SQL statement [select d.id, d.name, d.login, d.password, d.email from user d order by d.name]
20:06:27 DEBUG JdbcTemplate         Executing prepared SQL query
20:06:27 DEBUG JdbcTemplate         Executing prepared SQL statement [select d.id, d.name, d.login, d.password, d.email from user d order by d.name]
20:06:27 DEBUG ontextLoaderDelegate Retrieved ApplicationContext [758465579] from cache with key [[MergedContextConfiguration@6a937336 testClass = DaoUserJDBCIT, locations = '{classpath*:test-db.xml, classpath*:test-jdbc-conf.xml}', classes = '{}', contextInitializerClasses = '[]', activeProfiles = '{}', propertySourceLocations = '{}', propertySourceProperties = '{}', contextCustomizers = set[[empty]], contextLoader = 'org.springframework.test.context.support.DelegatingSmartContextLoader', parent = [null]]]
20:06:27 DEBUG DefaultContextCache  Spring test ApplicationContext cache statistics: [DefaultContextCache@3f049056 size = 1, maxSize = 32, parentContextCount = 0, hitCount = 40, missCount = 1]
20:06:27 DEBUG ontextLoaderDelegate Retrieved ApplicationContext [758465579] from cache with key [[MergedContextConfiguration@6a937336 testClass = DaoUserJDBCIT, locations = '{classpath*:test-db.xml, classpath*:test-jdbc-conf.xml}', classes = '{}', contextInitializerClasses = '[]', activeProfiles = '{}', propertySourceLocations = '{}', propertySourceProperties = '{}', contextCustomizers = set[[empty]], contextLoader = 'org.springframework.test.context.support.DelegatingSmartContextLoader', parent = [null]]]
20:06:27 DEBUG DefaultContextCache  Spring test ApplicationContext cache statistics: [DefaultContextCache@3f049056 size = 1, maxSize = 32, parentContextCount = 0, hitCount = 41, missCount = 1]
20:06:27 DEBUG rmTransactionManager Initiating transaction rollback
20:06:27 DEBUG ceTransactionManager Rolling back JDBC transaction on Connection [conn5: url=jdbc:h2:mem:test-db user=SA]
20:06:27 DEBUG ceTransactionManager Releasing JDBC Connection [conn5: url=jdbc:h2:mem:test-db user=SA] after transaction
20:06:27 INFO  TransactionContext   Rolled back transaction for test: [DefaultTestContext@1702830d testClass = DaoUserJDBCIT, testInstance = com.epam.brest.dao.DaoUserJDBCIT@2123064f, testMethod = testChange@DaoUserJDBCIT, testException = [null], mergedContextConfiguration = [MergedContextConfiguration@6a937336 testClass = DaoUserJDBCIT, locations = '{classpath*:test-db.xml, classpath*:test-jdbc-conf.xml}', classes = '{}', contextInitializerClasses = '[]', activeProfiles = '{}', propertySourceLocations = '{}', propertySourceProperties = '{}', contextCustomizers = set[[empty]], contextLoader = 'org.springframework.test.context.support.DelegatingSmartContextLoader', parent = [null]], attributes = map['org.springframework.test.context.event.ApplicationEventsTestExecutionListener.recordApplicationEvents' -> false]]
20:06:27 DEBUG estExecutionListener After test method: context [DefaultTestContext@1702830d testClass = DaoUserJDBCIT, testInstance = com.epam.brest.dao.DaoUserJDBCIT@2123064f, testMethod = testChange@DaoUserJDBCIT, testException = [null], mergedContextConfiguration = [MergedContextConfiguration@6a937336 testClass = DaoUserJDBCIT, locations = '{classpath*:test-db.xml, classpath*:test-jdbc-conf.xml}', classes = '{}', contextInitializerClasses = '[]', activeProfiles = '{}', propertySourceLocations = '{}', propertySourceProperties = '{}', contextCustomizers = set[[empty]], contextLoader = 'org.springframework.test.context.support.DelegatingSmartContextLoader', parent = [null]], attributes = map['org.springframework.test.context.event.ApplicationEventsTestExecutionListener.recordApplicationEvents' -> false]], class annotated with @DirtiesContext [false] with mode [null], method annotated with @DirtiesContext [false] with mode [null].
]]></system-out>
  </testcase>
  <testcase name="testDelete" classname="com.epam.brest.dao.DaoUserJDBCIT" time="0.035">
    <system-out><![CDATA[20:06:27 DEBUG ontextLoaderDelegate Retrieved ApplicationContext [758465579] from cache with key [[MergedContextConfiguration@6a937336 testClass = DaoUserJDBCIT, locations = '{classpath*:test-db.xml, classpath*:test-jdbc-conf.xml}', classes = '{}', contextInitializerClasses = '[]', activeProfiles = '{}', propertySourceLocations = '{}', propertySourceProperties = '{}', contextCustomizers = set[[empty]], contextLoader = 'org.springframework.test.context.support.DelegatingSmartContextLoader', parent = [null]]]
20:06:27 DEBUG DefaultContextCache  Spring test ApplicationContext cache statistics: [DefaultContextCache@3f049056 size = 1, maxSize = 32, parentContextCount = 0, hitCount = 42, missCount = 1]
20:06:27 DEBUG estExecutionListener Performing dependency injection for test context [[DefaultTestContext@1702830d testClass = DaoUserJDBCIT, testInstance = com.epam.brest.dao.DaoUserJDBCIT@73d4066e, testMethod = [null], testException = [null], mergedContextConfiguration = [MergedContextConfiguration@6a937336 testClass = DaoUserJDBCIT, locations = '{classpath*:test-db.xml, classpath*:test-jdbc-conf.xml}', classes = '{}', contextInitializerClasses = '[]', activeProfiles = '{}', propertySourceLocations = '{}', propertySourceProperties = '{}', contextCustomizers = set[[empty]], contextLoader = 'org.springframework.test.context.support.DelegatingSmartContextLoader', parent = [null]], attributes = map['org.springframework.test.context.event.ApplicationEventsTestExecutionListener.recordApplicationEvents' -> false]]].
20:06:27 DEBUG ontextLoaderDelegate Retrieved ApplicationContext [758465579] from cache with key [[MergedContextConfiguration@6a937336 testClass = DaoUserJDBCIT, locations = '{classpath*:test-db.xml, classpath*:test-jdbc-conf.xml}', classes = '{}', contextInitializerClasses = '[]', activeProfiles = '{}', propertySourceLocations = '{}', propertySourceProperties = '{}', contextCustomizers = set[[empty]], contextLoader = 'org.springframework.test.context.support.DelegatingSmartContextLoader', parent = [null]]]
20:06:27 DEBUG DefaultContextCache  Spring test ApplicationContext cache statistics: [DefaultContextCache@3f049056 size = 1, maxSize = 32, parentContextCount = 0, hitCount = 43, missCount = 1]
20:06:27 DEBUG ontextLoaderDelegate Retrieved ApplicationContext [758465579] from cache with key [[MergedContextConfiguration@6a937336 testClass = DaoUserJDBCIT, locations = '{classpath*:test-db.xml, classpath*:test-jdbc-conf.xml}', classes = '{}', contextInitializerClasses = '[]', activeProfiles = '{}', propertySourceLocations = '{}', propertySourceProperties = '{}', contextCustomizers = set[[empty]], contextLoader = 'org.springframework.test.context.support.DelegatingSmartContextLoader', parent = [null]]]
20:06:27 DEBUG DefaultContextCache  Spring test ApplicationContext cache statistics: [DefaultContextCache@3f049056 size = 1, maxSize = 32, parentContextCount = 0, hitCount = 44, missCount = 1]
20:06:27 DEBUG estExecutionListener Before test method: context [DefaultTestContext@1702830d testClass = DaoUserJDBCIT, testInstance = com.epam.brest.dao.DaoUserJDBCIT@73d4066e, testMethod = testDelete@DaoUserJDBCIT, testException = [null], mergedContextConfiguration = [MergedContextConfiguration@6a937336 testClass = DaoUserJDBCIT, locations = '{classpath*:test-db.xml, classpath*:test-jdbc-conf.xml}', classes = '{}', contextInitializerClasses = '[]', activeProfiles = '{}', propertySourceLocations = '{}', propertySourceProperties = '{}', contextCustomizers = set[[empty]], contextLoader = 'org.springframework.test.context.support.DelegatingSmartContextLoader', parent = [null]], attributes = map['org.springframework.test.context.event.ApplicationEventsTestExecutionListener.recordApplicationEvents' -> false]], class annotated with @DirtiesContext [false] with mode [null], method annotated with @DirtiesContext [false] with mode [null].
20:06:27 DEBUG estExecutionListener Explicit transaction definition [PROPAGATION_REQUIRED,ISOLATION_DEFAULT] found for test context [DefaultTestContext@1702830d testClass = DaoUserJDBCIT, testInstance = com.epam.brest.dao.DaoUserJDBCIT@73d4066e, testMethod = testDelete@DaoUserJDBCIT, testException = [null], mergedContextConfiguration = [MergedContextConfiguration@6a937336 testClass = DaoUserJDBCIT, locations = '{classpath*:test-db.xml, classpath*:test-jdbc-conf.xml}', classes = '{}', contextInitializerClasses = '[]', activeProfiles = '{}', propertySourceLocations = '{}', propertySourceProperties = '{}', contextCustomizers = set[[empty]], contextLoader = 'org.springframework.test.context.support.DelegatingSmartContextLoader', parent = [null]], attributes = map['org.springframework.test.context.event.ApplicationEventsTestExecutionListener.recordApplicationEvents' -> false]]
20:06:27 DEBUG ontextLoaderDelegate Retrieved ApplicationContext [758465579] from cache with key [[MergedContextConfiguration@6a937336 testClass = DaoUserJDBCIT, locations = '{classpath*:test-db.xml, classpath*:test-jdbc-conf.xml}', classes = '{}', contextInitializerClasses = '[]', activeProfiles = '{}', propertySourceLocations = '{}', propertySourceProperties = '{}', contextCustomizers = set[[empty]], contextLoader = 'org.springframework.test.context.support.DelegatingSmartContextLoader', parent = [null]]]
20:06:27 DEBUG DefaultContextCache  Spring test ApplicationContext cache statistics: [DefaultContextCache@3f049056 size = 1, maxSize = 32, parentContextCount = 0, hitCount = 45, missCount = 1]
20:06:27 DEBUG estExecutionListener No method-level @Rollback override: using default rollback [true] for test context [DefaultTestContext@1702830d testClass = DaoUserJDBCIT, testInstance = com.epam.brest.dao.DaoUserJDBCIT@73d4066e, testMethod = testDelete@DaoUserJDBCIT, testException = [null], mergedContextConfiguration = [MergedContextConfiguration@6a937336 testClass = DaoUserJDBCIT, locations = '{classpath*:test-db.xml, classpath*:test-jdbc-conf.xml}', classes = '{}', contextInitializerClasses = '[]', activeProfiles = '{}', propertySourceLocations = '{}', propertySourceProperties = '{}', contextCustomizers = set[[empty]], contextLoader = 'org.springframework.test.context.support.DelegatingSmartContextLoader', parent = [null]], attributes = map['org.springframework.test.context.event.ApplicationEventsTestExecutionListener.recordApplicationEvents' -> false]].
20:06:27 DEBUG rmTransactionManager Creating new transaction with name [com.epam.brest.dao.DaoUserJDBCIT.testDelete]: PROPAGATION_REQUIRED,ISOLATION_DEFAULT
20:06:27 DEBUG verManagerDataSource Creating new JDBC DriverManager Connection to [jdbc:h2:mem:test-db;MODE=MySQL;DB_CLOSE_DELAY=-1]
20:06:27 DEBUG ceTransactionManager Acquired Connection [conn6: url=jdbc:h2:mem:test-db user=SA] for JDBC transaction
20:06:27 DEBUG ceTransactionManager Switching JDBC Connection [conn6: url=jdbc:h2:mem:test-db user=SA] to manual commit
20:06:27 INFO  TransactionContext   Began transaction (1) for test context [DefaultTestContext@1702830d testClass = DaoUserJDBCIT, testInstance = com.epam.brest.dao.DaoUserJDBCIT@73d4066e, testMethod = testDelete@DaoUserJDBCIT, testException = [null], mergedContextConfiguration = [MergedContextConfiguration@6a937336 testClass = DaoUserJDBCIT, locations = '{classpath*:test-db.xml, classpath*:test-jdbc-conf.xml}', classes = '{}', contextInitializerClasses = '[]', activeProfiles = '{}', propertySourceLocations = '{}', propertySourceProperties = '{}', contextCustomizers = set[[empty]], contextLoader = 'org.springframework.test.context.support.DelegatingSmartContextLoader', parent = [null]], attributes = map['org.springframework.test.context.event.ApplicationEventsTestExecutionListener.recordApplicationEvents' -> false]]; transaction manager [org.springframework.jdbc.datasource.DataSourceTransactionManager@18acfe88]; rollback [true]
20:06:27 DEBUG ontextLoaderDelegate Retrieved ApplicationContext [758465579] from cache with key [[MergedContextConfiguration@6a937336 testClass = DaoUserJDBCIT, locations = '{classpath*:test-db.xml, classpath*:test-jdbc-conf.xml}', classes = '{}', contextInitializerClasses = '[]', activeProfiles = '{}', propertySourceLocations = '{}', propertySourceProperties = '{}', contextCustomizers = set[[empty]], contextLoader = 'org.springframework.test.context.support.DelegatingSmartContextLoader', parent = [null]]]
20:06:27 DEBUG DefaultContextCache  Spring test ApplicationContext cache statistics: [DefaultContextCache@3f049056 size = 1, maxSize = 32, parentContextCount = 0, hitCount = 46, missCount = 1]
20:06:27 DEBUG ontextLoaderDelegate Retrieved ApplicationContext [758465579] from cache with key [[MergedContextConfiguration@6a937336 testClass = DaoUserJDBCIT, locations = '{classpath*:test-db.xml, classpath*:test-jdbc-conf.xml}', classes = '{}', contextInitializerClasses = '[]', activeProfiles = '{}', propertySourceLocations = '{}', propertySourceProperties = '{}', contextCustomizers = set[[empty]], contextLoader = 'org.springframework.test.context.support.DelegatingSmartContextLoader', parent = [null]]]
20:06:27 DEBUG DefaultContextCache  Spring test ApplicationContext cache statistics: [DefaultContextCache@3f049056 size = 1, maxSize = 32, parentContextCount = 0, hitCount = 47, missCount = 1]
20:06:27 DEBUG DaoUserJDBCIT        Execute test: delete({id})
20:06:27 DEBUG JdbcTemplate         Executing prepared SQL query
20:06:27 DEBUG JdbcTemplate         Executing prepared SQL statement [select d.id, d.name, d.login, d.password, d.email from user d order by d.name]
20:06:27 DEBUG JdbcTemplate         Executing prepared SQL update
20:06:27 DEBUG JdbcTemplate         Executing prepared SQL statement [delete from user where id=?]
20:06:27 DEBUG JdbcTemplate         Executing prepared SQL query
20:06:27 DEBUG JdbcTemplate         Executing prepared SQL statement [select d.id, d.name, d.login, d.password, d.email from user d order by d.name]
20:06:27 DEBUG ontextLoaderDelegate Retrieved ApplicationContext [758465579] from cache with key [[MergedContextConfiguration@6a937336 testClass = DaoUserJDBCIT, locations = '{classpath*:test-db.xml, classpath*:test-jdbc-conf.xml}', classes = '{}', contextInitializerClasses = '[]', activeProfiles = '{}', propertySourceLocations = '{}', propertySourceProperties = '{}', contextCustomizers = set[[empty]], contextLoader = 'org.springframework.test.context.support.DelegatingSmartContextLoader', parent = [null]]]
20:06:27 DEBUG DefaultContextCache  Spring test ApplicationContext cache statistics: [DefaultContextCache@3f049056 size = 1, maxSize = 32, parentContextCount = 0, hitCount = 48, missCount = 1]
20:06:27 DEBUG ontextLoaderDelegate Retrieved ApplicationContext [758465579] from cache with key [[MergedContextConfiguration@6a937336 testClass = DaoUserJDBCIT, locations = '{classpath*:test-db.xml, classpath*:test-jdbc-conf.xml}', classes = '{}', contextInitializerClasses = '[]', activeProfiles = '{}', propertySourceLocations = '{}', propertySourceProperties = '{}', contextCustomizers = set[[empty]], contextLoader = 'org.springframework.test.context.support.DelegatingSmartContextLoader', parent = [null]]]
20:06:27 DEBUG DefaultContextCache  Spring test ApplicationContext cache statistics: [DefaultContextCache@3f049056 size = 1, maxSize = 32, parentContextCount = 0, hitCount = 49, missCount = 1]
20:06:27 DEBUG rmTransactionManager Initiating transaction rollback
20:06:27 DEBUG ceTransactionManager Rolling back JDBC transaction on Connection [conn6: url=jdbc:h2:mem:test-db user=SA]
20:06:27 DEBUG ceTransactionManager Releasing JDBC Connection [conn6: url=jdbc:h2:mem:test-db user=SA] after transaction
20:06:27 INFO  TransactionContext   Rolled back transaction for test: [DefaultTestContext@1702830d testClass = DaoUserJDBCIT, testInstance = com.epam.brest.dao.DaoUserJDBCIT@73d4066e, testMethod = testDelete@DaoUserJDBCIT, testException = [null], mergedContextConfiguration = [MergedContextConfiguration@6a937336 testClass = DaoUserJDBCIT, locations = '{classpath*:test-db.xml, classpath*:test-jdbc-conf.xml}', classes = '{}', contextInitializerClasses = '[]', activeProfiles = '{}', propertySourceLocations = '{}', propertySourceProperties = '{}', contextCustomizers = set[[empty]], contextLoader = 'org.springframework.test.context.support.DelegatingSmartContextLoader', parent = [null]], attributes = map['org.springframework.test.context.event.ApplicationEventsTestExecutionListener.recordApplicationEvents' -> false]]
20:06:27 DEBUG estExecutionListener After test method: context [DefaultTestContext@1702830d testClass = DaoUserJDBCIT, testInstance = com.epam.brest.dao.DaoUserJDBCIT@73d4066e, testMethod = testDelete@DaoUserJDBCIT, testException = [null], mergedContextConfiguration = [MergedContextConfiguration@6a937336 testClass = DaoUserJDBCIT, locations = '{classpath*:test-db.xml, classpath*:test-jdbc-conf.xml}', classes = '{}', contextInitializerClasses = '[]', activeProfiles = '{}', propertySourceLocations = '{}', propertySourceProperties = '{}', contextCustomizers = set[[empty]], contextLoader = 'org.springframework.test.context.support.DelegatingSmartContextLoader', parent = [null]], attributes = map['org.springframework.test.context.event.ApplicationEventsTestExecutionListener.recordApplicationEvents' -> false]], class annotated with @DirtiesContext [false] with mode [null], method annotated with @DirtiesContext [false] with mode [null].
]]></system-out>
  </testcase>
</testsuite>