<?xml version="1.0" encoding="UTF-8"?>
<beans xmlns="http://www.springframework.org/schema/beans"
       xmlns:xsi="http://www.w3.org/2001/XMLSchema-instance"
       xsi:schemaLocation="http://www.springframework.org/schema/beans
       https://www.springframework.org/schema/beans/spring-beans.xsd">

    <bean name="userDao" class="com.epam.brest.dao.DaoUser">
        <constructor-arg name="dataSource" ref="dataSource"/>
    </bean>

    <bean name="requestDao" class="com.epam.brest.dao.DaoRequest">
        <constructor-arg name="dataSource" ref="dataSource"/>
    </bean>

    <bean name="groupeDao" class="com.epam.brest.dao.DaoGroupe">
        <constructor-arg name="dataSource" ref="dataSource"/>
    </bean>

    <bean name="scheduleDao" class="com.epam.brest.dao.DaoSchedule">
        <constructor-arg name="dataSource" ref="dataSource"/>
        <constructor-arg name="groupeDao" ref="groupeDao"/>
        <constructor-arg name="userDao" ref="userDao"/>
        <constructor-arg name="requestDao" ref="requestDao"/>
        <constructor-arg name="schedule" ref="schedule"/>
    </bean>

    <bean name="schedule" class="com.epam.brest.dao.schedulemodel.Schedule">
    </bean>

    <bean name="serializator" class="com.epam.brest.Serializator">
    </bean>


    <bean name="daoSerialization" class="com.epam.brest.dao.DaoSerialization">
        <constructor-arg name="serializator" ref="serializator"/>

    </bean>


    <bean id="namedParameterJdbcTemplate" class="org.springframework.jdbc.core.namedparam.NamedParameterJdbcTemplate">
        <constructor-arg ref="dataSource"/>
    </bean>

    <bean class="org.springframework.context.support.PropertySourcesPlaceholderConfigurer">
        <property name="locations">
            <list>
                <value>classpath*:test-db.properties</value>
                <value>classpath*:sql-user.properties</value>
                <value>classpath*:sql-request.properties</value>
                <value>classpath*:sql-groupe.properties</value>
                <value>classpath*:sql-schedule.properties</value>
            </list>
        </property>
    </bean>

</beans>